#! /cs/local/bin/vvp
:ivl_version "10.0 (stable)" "(v10_0)";
:ivl_delay_selection "TYPICAL";
:vpi_time_precision + 0;
:vpi_module "system";
:vpi_module "vhdl_sys";
:vpi_module "v2005_math";
:vpi_module "va_math";
S_0x2586b10 .scope module, "ltester" "ltester" 2 118;
 .timescale 0 0;
v0x25ddac0_0 .var/s "a", 3 0;
v0x25ddba0_0 .var/s "b", 3 0;
o0x7f4851405988 .functor BUFZ 1, C4<z>; HiZ drive
v0x25ddc60_0 .net "ex", 0 0, o0x7f4851405988;  0 drivers
v0x25ddd00_0 .var/s "expect", 3 0;
v0x25ddda0_0 .var "op", 2 0;
v0x25ddeb0_0 .net/s "z", 3 0, L_0x25f4de0;  1 drivers
S_0x2531a00 .scope module, "mine" "yAlu32" 2 127, 2 1 0, S_0x2586b10;
 .timescale 0 0;
    .port_info 0 /OUTPUT 4 "z"
    .port_info 1 /OUTPUT 1 "ex"
    .port_info 2 /INPUT 4 "a"
    .port_info 3 /INPUT 4 "b"
    .port_info 4 /INPUT 3 "op"
L_0x25ddfa0 .functor AND 4, v0x25ddac0_0, v0x25ddba0_0, C4<1111>, C4<1111>;
L_0x25de0a0 .functor OR 4, v0x25ddac0_0, v0x25ddba0_0, C4<0000>, C4<0000>;
L_0x25ecf30 .functor XOR 1, L_0x25ecfa0, L_0x25ed090, C4<0>, C4<0>;
L_0x25f5b60 .functor BUFZ 1, L_0x25f0f90, C4<0>, C4<0>, C4<0>;
v0x25dc730_0 .net *"_s1", 0 0, L_0x25ecfa0;  1 drivers
L_0x7f48513b4060 .functor BUFT 1, C4<000>, C4<0>, C4<0>, C4<0>;
v0x25dc830_0 .net/2s *"_s20", 2 0, L_0x7f48513b4060;  1 drivers
v0x25dc910_0 .net *"_s26", 0 0, L_0x25f5b60;  1 drivers
v0x25dc9d0_0 .net *"_s3", 0 0, L_0x25ed090;  1 drivers
v0x25dcab0_0 .net "a", 3 0, v0x25ddac0_0;  1 drivers
RS_0x7f48513ff568 .resolv tri, L_0x25e1ea0, L_0x25e58a0, L_0x25e9240, L_0x25ece90;
v0x25dcbc0_0 .net8 "adderCOuer", 0 0, RS_0x7f48513ff568;  4 drivers
v0x25dcd70_0 .net "b", 3 0, v0x25ddba0_0;  1 drivers
v0x25dce10_0 .net "condition", 0 0, L_0x25ecf30;  1 drivers
v0x25dceb0_0 .net "ctrlArith", 0 0, L_0x25f59d0;  1 drivers
v0x25dd070_0 .net "ex", 0 0, o0x7f4851405988;  alias, 0 drivers
v0x25dd110_0 .net "f1", 3 0, L_0x25f1ea0;  1 drivers
v0x25dd1d0_0 .net "f2", 3 0, L_0x25f3610;  1 drivers
v0x25dd290_0 .net "minus", 3 0, L_0x25efa50;  1 drivers
v0x25dd3a0_0 .net "null", 0 0, L_0x25f0ce0;  1 drivers
v0x25dd490_0 .net "op", 2 0, v0x25ddda0_0;  1 drivers
v0x25dd570_0 .net "result0", 3 0, L_0x25ddfa0;  1 drivers
v0x25dd630_0 .net "result1", 3 0, L_0x25de0a0;  1 drivers
RS_0x7f48513fe0c8 .resolv tri, L_0x25e0cc0, L_0x25e47e0, L_0x25e81e0, L_0x25ebd50;
v0x25dd7e0_0 .net8 "result23", 3 0, RS_0x7f48513fe0c8;  4 drivers
v0x25dd880_0 .net "resultSlt", 0 0, L_0x25f0f90;  1 drivers
v0x25dd920_0 .net "slt", 3 0, L_0x25f5a70;  1 drivers
v0x25dd9c0_0 .net "z", 3 0, L_0x25f4de0;  alias, 1 drivers
L_0x25ecfa0 .part v0x25ddac0_0, 3, 1;
L_0x25ed090 .part v0x25ddba0_0, 3, 1;
L_0x25f10a0 .part L_0x25efa50, 3, 1;
L_0x25f11d0 .part v0x25ddac0_0, 3, 1;
L_0x25f28d0 .part v0x25ddda0_0, 0, 1;
L_0x25f4120 .part v0x25ddda0_0, 1, 1;
L_0x25f58a0 .part v0x25ddda0_0, 0, 1;
L_0x25f59d0 .part v0x25ddda0_0, 2, 1;
L_0x25f5a70 .concat8 [ 1 3 0 0], L_0x25f5b60, L_0x7f48513b4060;
S_0x2531810 .scope module, "fi1" "yMux" 2 41, 2 78 0, S_0x2531a00;
 .timescale 0 0;
    .port_info 0 /OUTPUT 4 "z"
    .port_info 1 /INPUT 4 "a"
    .port_info 2 /INPUT 4 "b"
    .port_info 3 /INPUT 1 "c"
P_0x25742e0 .param/l "SIZE" 0 2 79, +C4<00000000000000000000000000000100>;
v0x25b6400_0 .net "a", 3 0, L_0x25ddfa0;  alias, 1 drivers
v0x25b6500_0 .net "b", 3 0, L_0x25de0a0;  alias, 1 drivers
v0x25b65e0_0 .net "c", 0 0, L_0x25f28d0;  1 drivers
v0x25b6710_0 .net "z", 3 0, L_0x25f1ea0;  alias, 1 drivers
L_0x25f1ea0 .concat [ 1 1 1 1], L_0x25f13c0, L_0x25b6680, L_0x25f19f0, L_0x25f1d60;
L_0x25f2080 .part L_0x25ddfa0, 0, 1;
L_0x25f2170 .part L_0x25ddfa0, 1, 1;
L_0x25f22f0 .part L_0x25ddfa0, 2, 1;
L_0x25f2390 .part L_0x25ddfa0, 3, 1;
L_0x25f2480 .part L_0x25de0a0, 0, 1;
L_0x25f2570 .part L_0x25de0a0, 1, 1;
L_0x25f26f0 .part L_0x25de0a0, 2, 1;
L_0x25f27e0 .part L_0x25de0a0, 3, 1;
S_0x258e880 .scope module, "mine[0]" "yMux1" 2 83, 2 98 0, S_0x2531810;
 .timescale 0 0;
    .port_info 0 /OUTPUT 1 "z"
    .port_info 1 /INPUT 1 "a"
    .port_info 2 /INPUT 1 "b"
    .port_info 3 /INPUT 1 "c"
L_0x25f1270 .functor NOT 1, L_0x25f28d0, C4<0>, C4<0>, C4<0>;
L_0x25f12e0 .functor AND 1, L_0x25f2080, L_0x25f1270, C4<1>, C4<1>;
L_0x25f1350 .functor AND 1, L_0x25f28d0, L_0x25f2480, C4<1>, C4<1>;
L_0x25f13c0 .functor OR 1, L_0x25f12e0, L_0x25f1350, C4<0>, C4<0>;
v0x25878a0_0 .net "a", 0 0, L_0x25f2080;  1 drivers
v0x25b44e0_0 .net "b", 0 0, L_0x25f2480;  1 drivers
v0x25b45a0_0 .net "c", 0 0, L_0x25f28d0;  alias, 1 drivers
v0x25b4670_0 .net "lower", 0 0, L_0x25f1350;  1 drivers
v0x25b4730_0 .net "notC", 0 0, L_0x25f1270;  1 drivers
v0x25b4840_0 .net "upper", 0 0, L_0x25f12e0;  1 drivers
v0x25b4900_0 .net "z", 0 0, L_0x25f13c0;  1 drivers
S_0x25b4a40 .scope module, "mine[1]" "yMux1" 2 83, 2 98 0, S_0x2531810;
 .timescale 0 0;
    .port_info 0 /OUTPUT 1 "z"
    .port_info 1 /INPUT 1 "a"
    .port_info 2 /INPUT 1 "b"
    .port_info 3 /INPUT 1 "c"
L_0x25f14d0 .functor NOT 1, L_0x25f28d0, C4<0>, C4<0>, C4<0>;
L_0x25f1540 .functor AND 1, L_0x25f2170, L_0x25f14d0, C4<1>, C4<1>;
L_0x25f1600 .functor AND 1, L_0x25f28d0, L_0x25f2570, C4<1>, C4<1>;
L_0x25b6680 .functor OR 1, L_0x25f1540, L_0x25f1600, C4<0>, C4<0>;
v0x25b4cc0_0 .net "a", 0 0, L_0x25f2170;  1 drivers
v0x25b4d80_0 .net "b", 0 0, L_0x25f2570;  1 drivers
v0x25b4e40_0 .net "c", 0 0, L_0x25f28d0;  alias, 1 drivers
v0x25b4f40_0 .net "lower", 0 0, L_0x25f1600;  1 drivers
v0x25b4fe0_0 .net "notC", 0 0, L_0x25f14d0;  1 drivers
v0x25b50d0_0 .net "upper", 0 0, L_0x25f1540;  1 drivers
v0x25b5190_0 .net "z", 0 0, L_0x25b6680;  1 drivers
S_0x25b52d0 .scope module, "mine[2]" "yMux1" 2 83, 2 98 0, S_0x2531810;
 .timescale 0 0;
    .port_info 0 /OUTPUT 1 "z"
    .port_info 1 /INPUT 1 "a"
    .port_info 2 /INPUT 1 "b"
    .port_info 3 /INPUT 1 "c"
L_0x25f1820 .functor NOT 1, L_0x25f28d0, C4<0>, C4<0>, C4<0>;
L_0x25f1890 .functor AND 1, L_0x25f22f0, L_0x25f1820, C4<1>, C4<1>;
L_0x25f1950 .functor AND 1, L_0x25f28d0, L_0x25f26f0, C4<1>, C4<1>;
L_0x25f19f0 .functor OR 1, L_0x25f1890, L_0x25f1950, C4<0>, C4<0>;
v0x25b5580_0 .net "a", 0 0, L_0x25f22f0;  1 drivers
v0x25b5620_0 .net "b", 0 0, L_0x25f26f0;  1 drivers
v0x25b56e0_0 .net "c", 0 0, L_0x25f28d0;  alias, 1 drivers
v0x25b5800_0 .net "lower", 0 0, L_0x25f1950;  1 drivers
v0x25b58a0_0 .net "notC", 0 0, L_0x25f1820;  1 drivers
v0x25b59b0_0 .net "upper", 0 0, L_0x25f1890;  1 drivers
v0x25b5a70_0 .net "z", 0 0, L_0x25f19f0;  1 drivers
S_0x25b5bb0 .scope module, "mine[3]" "yMux1" 2 83, 2 98 0, S_0x2531810;
 .timescale 0 0;
    .port_info 0 /OUTPUT 1 "z"
    .port_info 1 /INPUT 1 "a"
    .port_info 2 /INPUT 1 "b"
    .port_info 3 /INPUT 1 "c"
L_0x25f1b30 .functor NOT 1, L_0x25f28d0, C4<0>, C4<0>, C4<0>;
L_0x25f1ba0 .functor AND 1, L_0x25f2390, L_0x25f1b30, C4<1>, C4<1>;
L_0x25f1cc0 .functor AND 1, L_0x25f28d0, L_0x25f27e0, C4<1>, C4<1>;
L_0x25f1d60 .functor OR 1, L_0x25f1ba0, L_0x25f1cc0, C4<0>, C4<0>;
v0x25b5e30_0 .net "a", 0 0, L_0x25f2390;  1 drivers
v0x25b5ef0_0 .net "b", 0 0, L_0x25f27e0;  1 drivers
v0x25b5fb0_0 .net "c", 0 0, L_0x25f28d0;  alias, 1 drivers
v0x25b6050_0 .net "lower", 0 0, L_0x25f1cc0;  1 drivers
v0x25b60f0_0 .net "notC", 0 0, L_0x25f1b30;  1 drivers
v0x25b6200_0 .net "upper", 0 0, L_0x25f1ba0;  1 drivers
v0x25b62c0_0 .net "z", 0 0, L_0x25f1d60;  1 drivers
S_0x25b6880 .scope module, "fi2" "yMux" 2 42, 2 78 0, S_0x2531a00;
 .timescale 0 0;
    .port_info 0 /OUTPUT 4 "z"
    .port_info 1 /INPUT 4 "a"
    .port_info 2 /INPUT 4 "b"
    .port_info 3 /INPUT 1 "c"
P_0x25b6a20 .param/l "SIZE" 0 2 79, +C4<00000000000000000000000000000100>;
v0x25b8df0_0 .net "a", 3 0, L_0x25f1ea0;  alias, 1 drivers
v0x25b8ed0_0 .net8 "b", 3 0, RS_0x7f48513fe0c8;  alias, 4 drivers
v0x25b8f90_0 .net "c", 0 0, L_0x25f4120;  1 drivers
v0x25b90f0_0 .net "z", 3 0, L_0x25f3610;  alias, 1 drivers
L_0x25f3610 .concat [ 1 1 1 1], L_0x25f2b60, L_0x25b9060, L_0x25f3160, L_0x25f34d0;
L_0x25f37f0 .part L_0x25f1ea0, 0, 1;
L_0x25f3970 .part L_0x25f1ea0, 1, 1;
L_0x25f3a10 .part L_0x25f1ea0, 2, 1;
L_0x25f3b00 .part L_0x25f1ea0, 3, 1;
L_0x25f3bf0 .part RS_0x7f48513fe0c8, 0, 1;
L_0x25f3ce0 .part RS_0x7f48513fe0c8, 1, 1;
L_0x25f3dd0 .part RS_0x7f48513fe0c8, 2, 1;
L_0x25d5060 .part RS_0x7f48513fe0c8, 3, 1;
S_0x25b6b60 .scope module, "mine[0]" "yMux1" 2 83, 2 98 0, S_0x25b6880;
 .timescale 0 0;
    .port_info 0 /OUTPUT 1 "z"
    .port_info 1 /INPUT 1 "a"
    .port_info 2 /INPUT 1 "b"
    .port_info 3 /INPUT 1 "c"
L_0x25f29c0 .functor NOT 1, L_0x25f4120, C4<0>, C4<0>, C4<0>;
L_0x25f2a30 .functor AND 1, L_0x25f37f0, L_0x25f29c0, C4<1>, C4<1>;
L_0x25f2af0 .functor AND 1, L_0x25f4120, L_0x25f3bf0, C4<1>, C4<1>;
L_0x25f2b60 .functor OR 1, L_0x25f2a30, L_0x25f2af0, C4<0>, C4<0>;
v0x25b6df0_0 .net "a", 0 0, L_0x25f37f0;  1 drivers
v0x25b6ed0_0 .net "b", 0 0, L_0x25f3bf0;  1 drivers
v0x25b6f90_0 .net "c", 0 0, L_0x25f4120;  alias, 1 drivers
v0x25b7060_0 .net "lower", 0 0, L_0x25f2af0;  1 drivers
v0x25b7120_0 .net "notC", 0 0, L_0x25f29c0;  1 drivers
v0x25b7230_0 .net "upper", 0 0, L_0x25f2a30;  1 drivers
v0x25b72f0_0 .net "z", 0 0, L_0x25f2b60;  1 drivers
S_0x25b7430 .scope module, "mine[1]" "yMux1" 2 83, 2 98 0, S_0x25b6880;
 .timescale 0 0;
    .port_info 0 /OUTPUT 1 "z"
    .port_info 1 /INPUT 1 "a"
    .port_info 2 /INPUT 1 "b"
    .port_info 3 /INPUT 1 "c"
L_0x25f2c70 .functor NOT 1, L_0x25f4120, C4<0>, C4<0>, C4<0>;
L_0x25f2ce0 .functor AND 1, L_0x25f3970, L_0x25f2c70, C4<1>, C4<1>;
L_0x25f2da0 .functor AND 1, L_0x25f4120, L_0x25f3ce0, C4<1>, C4<1>;
L_0x25b9060 .functor OR 1, L_0x25f2ce0, L_0x25f2da0, C4<0>, C4<0>;
v0x25b76b0_0 .net "a", 0 0, L_0x25f3970;  1 drivers
v0x25b7770_0 .net "b", 0 0, L_0x25f3ce0;  1 drivers
v0x25b7830_0 .net "c", 0 0, L_0x25f4120;  alias, 1 drivers
v0x25b7930_0 .net "lower", 0 0, L_0x25f2da0;  1 drivers
v0x25b79d0_0 .net "notC", 0 0, L_0x25f2c70;  1 drivers
v0x25b7ac0_0 .net "upper", 0 0, L_0x25f2ce0;  1 drivers
v0x25b7b80_0 .net "z", 0 0, L_0x25b9060;  1 drivers
S_0x25b7cc0 .scope module, "mine[2]" "yMux1" 2 83, 2 98 0, S_0x25b6880;
 .timescale 0 0;
    .port_info 0 /OUTPUT 1 "z"
    .port_info 1 /INPUT 1 "a"
    .port_info 2 /INPUT 1 "b"
    .port_info 3 /INPUT 1 "c"
L_0x25f2fc0 .functor NOT 1, L_0x25f4120, C4<0>, C4<0>, C4<0>;
L_0x25f3030 .functor AND 1, L_0x25f3a10, L_0x25f2fc0, C4<1>, C4<1>;
L_0x25f30f0 .functor AND 1, L_0x25f4120, L_0x25f3dd0, C4<1>, C4<1>;
L_0x25f3160 .functor OR 1, L_0x25f3030, L_0x25f30f0, C4<0>, C4<0>;
v0x25b7f70_0 .net "a", 0 0, L_0x25f3a10;  1 drivers
v0x25b8010_0 .net "b", 0 0, L_0x25f3dd0;  1 drivers
v0x25b80d0_0 .net "c", 0 0, L_0x25f4120;  alias, 1 drivers
v0x25b81f0_0 .net "lower", 0 0, L_0x25f30f0;  1 drivers
v0x25b8290_0 .net "notC", 0 0, L_0x25f2fc0;  1 drivers
v0x25b83a0_0 .net "upper", 0 0, L_0x25f3030;  1 drivers
v0x25b8460_0 .net "z", 0 0, L_0x25f3160;  1 drivers
S_0x25b85a0 .scope module, "mine[3]" "yMux1" 2 83, 2 98 0, S_0x25b6880;
 .timescale 0 0;
    .port_info 0 /OUTPUT 1 "z"
    .port_info 1 /INPUT 1 "a"
    .port_info 2 /INPUT 1 "b"
    .port_info 3 /INPUT 1 "c"
L_0x25f32a0 .functor NOT 1, L_0x25f4120, C4<0>, C4<0>, C4<0>;
L_0x25f3310 .functor AND 1, L_0x25f3b00, L_0x25f32a0, C4<1>, C4<1>;
L_0x25f3430 .functor AND 1, L_0x25f4120, L_0x25d5060, C4<1>, C4<1>;
L_0x25f34d0 .functor OR 1, L_0x25f3310, L_0x25f3430, C4<0>, C4<0>;
v0x25b8820_0 .net "a", 0 0, L_0x25f3b00;  1 drivers
v0x25b88e0_0 .net "b", 0 0, L_0x25d5060;  1 drivers
v0x25b89a0_0 .net "c", 0 0, L_0x25f4120;  alias, 1 drivers
v0x25b8a40_0 .net "lower", 0 0, L_0x25f3430;  1 drivers
v0x25b8ae0_0 .net "notC", 0 0, L_0x25f32a0;  1 drivers
v0x25b8bf0_0 .net "upper", 0 0, L_0x25f3310;  1 drivers
v0x25b8cb0_0 .net "z", 0 0, L_0x25f34d0;  1 drivers
S_0x25b9260 .scope module, "fi3" "yMux" 2 43, 2 78 0, S_0x2531a00;
 .timescale 0 0;
    .port_info 0 /OUTPUT 4 "z"
    .port_info 1 /INPUT 4 "a"
    .port_info 2 /INPUT 4 "b"
    .port_info 3 /INPUT 1 "c"
P_0x25b93e0 .param/l "SIZE" 0 2 79, +C4<00000000000000000000000000000100>;
v0x25bb7f0_0 .net "a", 3 0, L_0x25f3610;  alias, 1 drivers
v0x25bb8d0_0 .net "b", 3 0, L_0x25f5a70;  alias, 1 drivers
v0x25bb990_0 .net "c", 0 0, L_0x25f58a0;  1 drivers
v0x25bbaf0_0 .net "z", 3 0, L_0x25f4de0;  alias, 1 drivers
L_0x25f4de0 .concat [ 1 1 1 1], L_0x25f4360, L_0x25bba60, L_0x25f4960, L_0x25f4ca0;
L_0x25f4fc0 .part L_0x25f3610, 0, 1;
L_0x25f5140 .part L_0x25f3610, 1, 1;
L_0x25f51e0 .part L_0x25f3610, 2, 1;
L_0x25f52d0 .part L_0x25f3610, 3, 1;
L_0x25f53c0 .part L_0x25f5a70, 0, 1;
L_0x25f5540 .part L_0x25f5a70, 1, 1;
L_0x25f5630 .part L_0x25f5a70, 2, 1;
L_0x25f57b0 .part L_0x25f5a70, 3, 1;
S_0x25b95b0 .scope module, "mine[0]" "yMux1" 2 83, 2 98 0, S_0x25b9260;
 .timescale 0 0;
    .port_info 0 /OUTPUT 1 "z"
    .port_info 1 /INPUT 1 "a"
    .port_info 2 /INPUT 1 "b"
    .port_info 3 /INPUT 1 "c"
L_0x25f41c0 .functor NOT 1, L_0x25f58a0, C4<0>, C4<0>, C4<0>;
L_0x25f4230 .functor AND 1, L_0x25f4fc0, L_0x25f41c0, C4<1>, C4<1>;
L_0x25f42f0 .functor AND 1, L_0x25f58a0, L_0x25f53c0, C4<1>, C4<1>;
L_0x25f4360 .functor OR 1, L_0x25f4230, L_0x25f42f0, C4<0>, C4<0>;
v0x25b97f0_0 .net "a", 0 0, L_0x25f4fc0;  1 drivers
v0x25b98d0_0 .net "b", 0 0, L_0x25f53c0;  1 drivers
v0x25b9990_0 .net "c", 0 0, L_0x25f58a0;  alias, 1 drivers
v0x25b9a60_0 .net "lower", 0 0, L_0x25f42f0;  1 drivers
v0x25b9b20_0 .net "notC", 0 0, L_0x25f41c0;  1 drivers
v0x25b9c30_0 .net "upper", 0 0, L_0x25f4230;  1 drivers
v0x25b9cf0_0 .net "z", 0 0, L_0x25f4360;  1 drivers
S_0x25b9e30 .scope module, "mine[1]" "yMux1" 2 83, 2 98 0, S_0x25b9260;
 .timescale 0 0;
    .port_info 0 /OUTPUT 1 "z"
    .port_info 1 /INPUT 1 "a"
    .port_info 2 /INPUT 1 "b"
    .port_info 3 /INPUT 1 "c"
L_0x25f4470 .functor NOT 1, L_0x25f58a0, C4<0>, C4<0>, C4<0>;
L_0x25f44e0 .functor AND 1, L_0x25f5140, L_0x25f4470, C4<1>, C4<1>;
L_0x25f45a0 .functor AND 1, L_0x25f58a0, L_0x25f5540, C4<1>, C4<1>;
L_0x25bba60 .functor OR 1, L_0x25f44e0, L_0x25f45a0, C4<0>, C4<0>;
v0x25ba0b0_0 .net "a", 0 0, L_0x25f5140;  1 drivers
v0x25ba170_0 .net "b", 0 0, L_0x25f5540;  1 drivers
v0x25ba230_0 .net "c", 0 0, L_0x25f58a0;  alias, 1 drivers
v0x25ba330_0 .net "lower", 0 0, L_0x25f45a0;  1 drivers
v0x25ba3d0_0 .net "notC", 0 0, L_0x25f4470;  1 drivers
v0x25ba4c0_0 .net "upper", 0 0, L_0x25f44e0;  1 drivers
v0x25ba580_0 .net "z", 0 0, L_0x25bba60;  1 drivers
S_0x25ba6c0 .scope module, "mine[2]" "yMux1" 2 83, 2 98 0, S_0x25b9260;
 .timescale 0 0;
    .port_info 0 /OUTPUT 1 "z"
    .port_info 1 /INPUT 1 "a"
    .port_info 2 /INPUT 1 "b"
    .port_info 3 /INPUT 1 "c"
L_0x25f47c0 .functor NOT 1, L_0x25f58a0, C4<0>, C4<0>, C4<0>;
L_0x25f4830 .functor AND 1, L_0x25f51e0, L_0x25f47c0, C4<1>, C4<1>;
L_0x25f48f0 .functor AND 1, L_0x25f58a0, L_0x25f5630, C4<1>, C4<1>;
L_0x25f4960 .functor OR 1, L_0x25f4830, L_0x25f48f0, C4<0>, C4<0>;
v0x25ba970_0 .net "a", 0 0, L_0x25f51e0;  1 drivers
v0x25baa10_0 .net "b", 0 0, L_0x25f5630;  1 drivers
v0x25baad0_0 .net "c", 0 0, L_0x25f58a0;  alias, 1 drivers
v0x25babf0_0 .net "lower", 0 0, L_0x25f48f0;  1 drivers
v0x25bac90_0 .net "notC", 0 0, L_0x25f47c0;  1 drivers
v0x25bada0_0 .net "upper", 0 0, L_0x25f4830;  1 drivers
v0x25bae60_0 .net "z", 0 0, L_0x25f4960;  1 drivers
S_0x25bafa0 .scope module, "mine[3]" "yMux1" 2 83, 2 98 0, S_0x25b9260;
 .timescale 0 0;
    .port_info 0 /OUTPUT 1 "z"
    .port_info 1 /INPUT 1 "a"
    .port_info 2 /INPUT 1 "b"
    .port_info 3 /INPUT 1 "c"
L_0x25f4a70 .functor NOT 1, L_0x25f58a0, C4<0>, C4<0>, C4<0>;
L_0x25f4ae0 .functor AND 1, L_0x25f52d0, L_0x25f4a70, C4<1>, C4<1>;
L_0x25f4c00 .functor AND 1, L_0x25f58a0, L_0x25f57b0, C4<1>, C4<1>;
L_0x25f4ca0 .functor OR 1, L_0x25f4ae0, L_0x25f4c00, C4<0>, C4<0>;
v0x25bb220_0 .net "a", 0 0, L_0x25f52d0;  1 drivers
v0x25bb2e0_0 .net "b", 0 0, L_0x25f57b0;  1 drivers
v0x25bb3a0_0 .net "c", 0 0, L_0x25f58a0;  alias, 1 drivers
v0x25bb440_0 .net "lower", 0 0, L_0x25f4c00;  1 drivers
v0x25bb4e0_0 .net "notC", 0 0, L_0x25f4a70;  1 drivers
v0x25bb5f0_0 .net "upper", 0 0, L_0x25f4ae0;  1 drivers
v0x25bb6b0_0 .net "z", 0 0, L_0x25f4ca0;  1 drivers
S_0x25bbc60 .scope module, "op23[0]" "yArith" 2 33, 2 61 0, S_0x2531a00;
 .timescale 0 0;
    .port_info 0 /OUTPUT 4 "z"
    .port_info 1 /OUTPUT 1 "cout"
    .port_info 2 /INPUT 4 "a"
    .port_info 3 /INPUT 4 "b"
    .port_info 4 /INPUT 1 "ctrl"
L_0x25de180 .functor BUFZ 1, L_0x25f59d0, C4<0>, C4<0>, C4<0>;
L_0x25de230 .functor NOT 4, v0x25ddba0_0, C4<0000>, C4<0000>, C4<0000>;
v0x25c1a40_0 .net "a", 3 0, v0x25ddac0_0;  alias, 1 drivers
v0x25c1b20_0 .net "b", 3 0, v0x25ddba0_0;  alias, 1 drivers
v0x25c1bf0_0 .net "cin", 0 0, L_0x25de180;  1 drivers
v0x25c1cc0_0 .net8 "cout", 0 0, RS_0x7f48513ff568;  alias, 4 drivers
v0x25c1d90_0 .net "ctrl", 0 0, L_0x25f59d0;  alias, 1 drivers
v0x25c1e80_0 .net "notB", 3 0, L_0x25de230;  1 drivers
v0x25c1f20_0 .net "tmp", 3 0, L_0x25df0d0;  1 drivers
v0x25c2010_0 .net8 "z", 3 0, RS_0x7f48513fe0c8;  alias, 4 drivers
S_0x25bbea0 .scope module, "myadder" "yAdder" 2 74, 2 86 0, S_0x25bbc60;
 .timescale 0 0;
    .port_info 0 /OUTPUT 4 "z"
    .port_info 1 /OUTPUT 1 "cout"
    .port_info 2 /INPUT 4 "a"
    .port_info 3 /INPUT 4 "b"
    .port_info 4 /INPUT 1 "cin"
L_0x25d7ff0 .functor BUFZ 1, L_0x25de180, C4<0>, C4<0>, C4<0>;
v0x25be7c0_0 .net *"_s17", 0 0, L_0x25d7ff0;  1 drivers
v0x25be8c0_0 .net *"_s22", 2 0, L_0x25e1d20;  1 drivers
v0x25be9a0_0 .net "a", 3 0, v0x25ddac0_0;  alias, 1 drivers
v0x25bea60_0 .net "b", 3 0, L_0x25df0d0;  alias, 1 drivers
v0x25beb40_0 .net "cin", 0 0, L_0x25de180;  alias, 1 drivers
v0x25bec50_0 .net8 "cout", 0 0, RS_0x7f48513ff568;  alias, 4 drivers
v0x25bed10_0 .net "in", 3 0, L_0x25de3a0;  1 drivers
v0x25bedf0_0 .net "out", 3 0, L_0x25e0ea0;  1 drivers
v0x25beed0_0 .net8 "z", 3 0, RS_0x7f48513fe0c8;  alias, 4 drivers
L_0x25e0cc0 .concat [ 1 1 1 1], L_0x25dfc90, L_0x25e00a0, L_0x25e04b0, L_0x25e08c0;
L_0x25e0ea0 .concat [ 1 1 1 1], L_0x25dff20, L_0x25e0330, L_0x25e0740, L_0x25e0bb0;
L_0x25e1080 .part v0x25ddac0_0, 0, 1;
L_0x25e1120 .part v0x25ddac0_0, 1, 1;
L_0x25e11c0 .part v0x25ddac0_0, 2, 1;
L_0x25d7f50 .part v0x25ddac0_0, 3, 1;
L_0x25e1470 .part L_0x25df0d0, 0, 1;
L_0x25e15a0 .part L_0x25df0d0, 1, 1;
L_0x25e1640 .part L_0x25df0d0, 2, 1;
L_0x25e16e0 .part L_0x25df0d0, 3, 1;
L_0x25e1780 .part L_0x25de3a0, 0, 1;
L_0x25e1820 .part L_0x25de3a0, 1, 1;
L_0x25e18c0 .part L_0x25de3a0, 2, 1;
L_0x25e1960 .part L_0x25de3a0, 3, 1;
L_0x25de3a0 .concat8 [ 1 3 0 0], L_0x25d7ff0, L_0x25e1d20;
L_0x25e1d20 .part L_0x25e0ea0, 0, 3;
L_0x25e1ea0 .part L_0x25e0ea0, 3, 1;
S_0x25bc120 .scope module, "mine[0]" "yAdder1" 2 92, 2 108 0, S_0x25bbea0;
 .timescale 0 0;
    .port_info 0 /OUTPUT 1 "z"
    .port_info 1 /OUTPUT 1 "cout"
    .port_info 2 /INPUT 1 "a"
    .port_info 3 /INPUT 1 "b"
    .port_info 4 /INPUT 1 "cin"
L_0x25dfc20 .functor XOR 1, L_0x25e1080, L_0x25e1470, C4<0>, C4<0>;
L_0x25dfc90 .functor XOR 1, L_0x25e1780, L_0x25dfc20, C4<0>, C4<0>;
L_0x25dfd50 .functor AND 1, L_0x25e1080, L_0x25e1470, C4<1>, C4<1>;
L_0x25dfe60 .functor AND 1, L_0x25dfc20, L_0x25e1780, C4<1>, C4<1>;
L_0x25dff20 .functor OR 1, L_0x25dfe60, L_0x25dfd50, C4<0>, C4<0>;
v0x25bc3e0_0 .net "a", 0 0, L_0x25e1080;  1 drivers
v0x25bc4c0_0 .net "b", 0 0, L_0x25e1470;  1 drivers
v0x25bc580_0 .net "cin", 0 0, L_0x25e1780;  1 drivers
v0x25bc650_0 .net "cout", 0 0, L_0x25dff20;  1 drivers
v0x25bc710_0 .net "outL", 0 0, L_0x25dfd50;  1 drivers
v0x25bc820_0 .net "outR", 0 0, L_0x25dfe60;  1 drivers
v0x25bc8e0_0 .net "tmp", 0 0, L_0x25dfc20;  1 drivers
v0x25bc9a0_0 .net "z", 0 0, L_0x25dfc90;  1 drivers
S_0x25bcb00 .scope module, "mine[1]" "yAdder1" 2 92, 2 108 0, S_0x25bbea0;
 .timescale 0 0;
    .port_info 0 /OUTPUT 1 "z"
    .port_info 1 /OUTPUT 1 "cout"
    .port_info 2 /INPUT 1 "a"
    .port_info 3 /INPUT 1 "b"
    .port_info 4 /INPUT 1 "cin"
L_0x25e0030 .functor XOR 1, L_0x25e1120, L_0x25e15a0, C4<0>, C4<0>;
L_0x25e00a0 .functor XOR 1, L_0x25e1820, L_0x25e0030, C4<0>, C4<0>;
L_0x25e0160 .functor AND 1, L_0x25e1120, L_0x25e15a0, C4<1>, C4<1>;
L_0x25e0270 .functor AND 1, L_0x25e0030, L_0x25e1820, C4<1>, C4<1>;
L_0x25e0330 .functor OR 1, L_0x25e0270, L_0x25e0160, C4<0>, C4<0>;
v0x25bcd90_0 .net "a", 0 0, L_0x25e1120;  1 drivers
v0x25bce50_0 .net "b", 0 0, L_0x25e15a0;  1 drivers
v0x25bcf10_0 .net "cin", 0 0, L_0x25e1820;  1 drivers
v0x25bcfe0_0 .net "cout", 0 0, L_0x25e0330;  1 drivers
v0x25bd0a0_0 .net "outL", 0 0, L_0x25e0160;  1 drivers
v0x25bd1b0_0 .net "outR", 0 0, L_0x25e0270;  1 drivers
v0x25bd270_0 .net "tmp", 0 0, L_0x25e0030;  1 drivers
v0x25bd330_0 .net "z", 0 0, L_0x25e00a0;  1 drivers
S_0x25bd490 .scope module, "mine[2]" "yAdder1" 2 92, 2 108 0, S_0x25bbea0;
 .timescale 0 0;
    .port_info 0 /OUTPUT 1 "z"
    .port_info 1 /OUTPUT 1 "cout"
    .port_info 2 /INPUT 1 "a"
    .port_info 3 /INPUT 1 "b"
    .port_info 4 /INPUT 1 "cin"
L_0x25e0440 .functor XOR 1, L_0x25e11c0, L_0x25e1640, C4<0>, C4<0>;
L_0x25e04b0 .functor XOR 1, L_0x25e18c0, L_0x25e0440, C4<0>, C4<0>;
L_0x25e0570 .functor AND 1, L_0x25e11c0, L_0x25e1640, C4<1>, C4<1>;
L_0x25e0680 .functor AND 1, L_0x25e0440, L_0x25e18c0, C4<1>, C4<1>;
L_0x25e0740 .functor OR 1, L_0x25e0680, L_0x25e0570, C4<0>, C4<0>;
v0x25bd750_0 .net "a", 0 0, L_0x25e11c0;  1 drivers
v0x25bd7f0_0 .net "b", 0 0, L_0x25e1640;  1 drivers
v0x25bd8b0_0 .net "cin", 0 0, L_0x25e18c0;  1 drivers
v0x25bd980_0 .net "cout", 0 0, L_0x25e0740;  1 drivers
v0x25bda40_0 .net "outL", 0 0, L_0x25e0570;  1 drivers
v0x25bdb50_0 .net "outR", 0 0, L_0x25e0680;  1 drivers
v0x25bdc10_0 .net "tmp", 0 0, L_0x25e0440;  1 drivers
v0x25bdcd0_0 .net "z", 0 0, L_0x25e04b0;  1 drivers
S_0x25bde30 .scope module, "mine[3]" "yAdder1" 2 92, 2 108 0, S_0x25bbea0;
 .timescale 0 0;
    .port_info 0 /OUTPUT 1 "z"
    .port_info 1 /OUTPUT 1 "cout"
    .port_info 2 /INPUT 1 "a"
    .port_info 3 /INPUT 1 "b"
    .port_info 4 /INPUT 1 "cin"
L_0x25e0850 .functor XOR 1, L_0x25d7f50, L_0x25e16e0, C4<0>, C4<0>;
L_0x25e08c0 .functor XOR 1, L_0x25e1960, L_0x25e0850, C4<0>, C4<0>;
L_0x25e09e0 .functor AND 1, L_0x25d7f50, L_0x25e16e0, C4<1>, C4<1>;
L_0x25e0af0 .functor AND 1, L_0x25e0850, L_0x25e1960, C4<1>, C4<1>;
L_0x25e0bb0 .functor OR 1, L_0x25e0af0, L_0x25e09e0, C4<0>, C4<0>;
v0x25be0c0_0 .net "a", 0 0, L_0x25d7f50;  1 drivers
v0x25be180_0 .net "b", 0 0, L_0x25e16e0;  1 drivers
v0x25be240_0 .net "cin", 0 0, L_0x25e1960;  1 drivers
v0x25be310_0 .net "cout", 0 0, L_0x25e0bb0;  1 drivers
v0x25be3d0_0 .net "outL", 0 0, L_0x25e09e0;  1 drivers
v0x25be4e0_0 .net "outR", 0 0, L_0x25e0af0;  1 drivers
v0x25be5a0_0 .net "tmp", 0 0, L_0x25e0850;  1 drivers
v0x25be660_0 .net "z", 0 0, L_0x25e08c0;  1 drivers
S_0x25bf0d0 .scope module, "mymux" "yMux" 2 73, 2 78 0, S_0x25bbc60;
 .timescale 0 0;
    .port_info 0 /OUTPUT 4 "z"
    .port_info 1 /INPUT 4 "a"
    .port_info 2 /INPUT 4 "b"
    .port_info 3 /INPUT 1 "c"
P_0x25bf270 .param/l "SIZE" 0 2 79, +C4<00000000000000000000000000000100>;
v0x25c1660_0 .net "a", 3 0, v0x25ddba0_0;  alias, 1 drivers
v0x25c1760_0 .net "b", 3 0, L_0x25de230;  alias, 1 drivers
v0x25c1840_0 .net "c", 0 0, L_0x25de180;  alias, 1 drivers
v0x25c18e0_0 .net "z", 3 0, L_0x25df0d0;  alias, 1 drivers
L_0x25df0d0 .concat [ 1 1 1 1], L_0x25de570, L_0x25de8b0, L_0x25dec20, L_0x25def90;
L_0x25df2b0 .part v0x25ddba0_0, 0, 1;
L_0x25df3a0 .part v0x25ddba0_0, 1, 1;
L_0x25dacc0 .part v0x25ddba0_0, 2, 1;
L_0x25df6a0 .part v0x25ddba0_0, 3, 1;
L_0x25df790 .part L_0x25de230, 0, 1;
L_0x25df8c0 .part L_0x25de230, 1, 1;
L_0x25dfa40 .part L_0x25de230, 2, 1;
L_0x25dfb30 .part L_0x25de230, 3, 1;
S_0x25bf3b0 .scope module, "mine[0]" "yMux1" 2 83, 2 98 0, S_0x25bf0d0;
 .timescale 0 0;
    .port_info 0 /OUTPUT 1 "z"
    .port_info 1 /INPUT 1 "a"
    .port_info 2 /INPUT 1 "b"
    .port_info 3 /INPUT 1 "c"
L_0x25de310 .functor NOT 1, L_0x25de180, C4<0>, C4<0>, C4<0>;
L_0x25c1270 .functor AND 1, L_0x25df2b0, L_0x25de310, C4<1>, C4<1>;
L_0x25de500 .functor AND 1, L_0x25de180, L_0x25df790, C4<1>, C4<1>;
L_0x25de570 .functor OR 1, L_0x25c1270, L_0x25de500, C4<0>, C4<0>;
v0x25bf640_0 .net "a", 0 0, L_0x25df2b0;  1 drivers
v0x25bf720_0 .net "b", 0 0, L_0x25df790;  1 drivers
v0x25bf7e0_0 .net "c", 0 0, L_0x25de180;  alias, 1 drivers
v0x25bf8e0_0 .net "lower", 0 0, L_0x25de500;  1 drivers
v0x25bf980_0 .net "notC", 0 0, L_0x25de310;  1 drivers
v0x25bfa70_0 .net "upper", 0 0, L_0x25c1270;  1 drivers
v0x25bfb30_0 .net "z", 0 0, L_0x25de570;  1 drivers
S_0x25bfc70 .scope module, "mine[1]" "yMux1" 2 83, 2 98 0, S_0x25bf0d0;
 .timescale 0 0;
    .port_info 0 /OUTPUT 1 "z"
    .port_info 1 /INPUT 1 "a"
    .port_info 2 /INPUT 1 "b"
    .port_info 3 /INPUT 1 "c"
L_0x25de680 .functor NOT 1, L_0x25de180, C4<0>, C4<0>, C4<0>;
L_0x25de6f0 .functor AND 1, L_0x25df3a0, L_0x25de680, C4<1>, C4<1>;
L_0x25de810 .functor AND 1, L_0x25de180, L_0x25df8c0, C4<1>, C4<1>;
L_0x25de8b0 .functor OR 1, L_0x25de6f0, L_0x25de810, C4<0>, C4<0>;
v0x25bfef0_0 .net "a", 0 0, L_0x25df3a0;  1 drivers
v0x25bffb0_0 .net "b", 0 0, L_0x25df8c0;  1 drivers
v0x25c0070_0 .net "c", 0 0, L_0x25de180;  alias, 1 drivers
v0x25c0190_0 .net "lower", 0 0, L_0x25de810;  1 drivers
v0x25c0230_0 .net "notC", 0 0, L_0x25de680;  1 drivers
v0x25c0340_0 .net "upper", 0 0, L_0x25de6f0;  1 drivers
v0x25c0400_0 .net "z", 0 0, L_0x25de8b0;  1 drivers
S_0x25c0540 .scope module, "mine[2]" "yMux1" 2 83, 2 98 0, S_0x25bf0d0;
 .timescale 0 0;
    .port_info 0 /OUTPUT 1 "z"
    .port_info 1 /INPUT 1 "a"
    .port_info 2 /INPUT 1 "b"
    .port_info 3 /INPUT 1 "c"
L_0x25de9f0 .functor NOT 1, L_0x25de180, C4<0>, C4<0>, C4<0>;
L_0x25dea60 .functor AND 1, L_0x25dacc0, L_0x25de9f0, C4<1>, C4<1>;
L_0x25deb80 .functor AND 1, L_0x25de180, L_0x25dfa40, C4<1>, C4<1>;
L_0x25dec20 .functor OR 1, L_0x25dea60, L_0x25deb80, C4<0>, C4<0>;
v0x25c07c0_0 .net "a", 0 0, L_0x25dacc0;  1 drivers
v0x25c0860_0 .net "b", 0 0, L_0x25dfa40;  1 drivers
v0x25c0920_0 .net "c", 0 0, L_0x25de180;  alias, 1 drivers
v0x25c09f0_0 .net "lower", 0 0, L_0x25deb80;  1 drivers
v0x25c0a90_0 .net "notC", 0 0, L_0x25de9f0;  1 drivers
v0x25c0ba0_0 .net "upper", 0 0, L_0x25dea60;  1 drivers
v0x25c0c60_0 .net "z", 0 0, L_0x25dec20;  1 drivers
S_0x25c0da0 .scope module, "mine[3]" "yMux1" 2 83, 2 98 0, S_0x25bf0d0;
 .timescale 0 0;
    .port_info 0 /OUTPUT 1 "z"
    .port_info 1 /INPUT 1 "a"
    .port_info 2 /INPUT 1 "b"
    .port_info 3 /INPUT 1 "c"
L_0x25ded60 .functor NOT 1, L_0x25de180, C4<0>, C4<0>, C4<0>;
L_0x25dedd0 .functor AND 1, L_0x25df6a0, L_0x25ded60, C4<1>, C4<1>;
L_0x25deef0 .functor AND 1, L_0x25de180, L_0x25dfb30, C4<1>, C4<1>;
L_0x25def90 .functor OR 1, L_0x25dedd0, L_0x25deef0, C4<0>, C4<0>;
v0x25c1020_0 .net "a", 0 0, L_0x25df6a0;  1 drivers
v0x25c10e0_0 .net "b", 0 0, L_0x25dfb30;  1 drivers
v0x25c11a0_0 .net "c", 0 0, L_0x25de180;  alias, 1 drivers
v0x25c1300_0 .net "lower", 0 0, L_0x25deef0;  1 drivers
v0x25c13a0_0 .net "notC", 0 0, L_0x25ded60;  1 drivers
v0x25c1460_0 .net "upper", 0 0, L_0x25dedd0;  1 drivers
v0x25c1520_0 .net "z", 0 0, L_0x25def90;  1 drivers
S_0x25c21a0 .scope module, "op23[1]" "yArith" 2 33, 2 61 0, S_0x2531a00;
 .timescale 0 0;
    .port_info 0 /OUTPUT 4 "z"
    .port_info 1 /OUTPUT 1 "cout"
    .port_info 2 /INPUT 4 "a"
    .port_info 3 /INPUT 4 "b"
    .port_info 4 /INPUT 1 "ctrl"
L_0x25e1f40 .functor BUFZ 1, L_0x25f59d0, C4<0>, C4<0>, C4<0>;
L_0x25e1fb0 .functor NOT 4, v0x25ddba0_0, C4<0000>, C4<0000>, C4<0000>;
v0x25c7fc0_0 .net "a", 3 0, v0x25ddac0_0;  alias, 1 drivers
v0x25c80a0_0 .net "b", 3 0, v0x25ddba0_0;  alias, 1 drivers
v0x25c8160_0 .net "cin", 0 0, L_0x25e1f40;  1 drivers
v0x25c8200_0 .net8 "cout", 0 0, RS_0x7f48513ff568;  alias, 4 drivers
v0x25c82a0_0 .net "ctrl", 0 0, L_0x25f59d0;  alias, 1 drivers
v0x25c8390_0 .net "notB", 3 0, L_0x25e1fb0;  1 drivers
v0x25c8460_0 .net "tmp", 3 0, L_0x25e2d50;  1 drivers
v0x25c8550_0 .net8 "z", 3 0, RS_0x7f48513fe0c8;  alias, 4 drivers
S_0x25c2480 .scope module, "myadder" "yAdder" 2 74, 2 86 0, S_0x25c21a0;
 .timescale 0 0;
    .port_info 0 /OUTPUT 4 "z"
    .port_info 1 /OUTPUT 1 "cout"
    .port_info 2 /INPUT 4 "a"
    .port_info 3 /INPUT 4 "b"
    .port_info 4 /INPUT 1 "cin"
L_0x25e52d0 .functor BUFZ 1, L_0x25e1f40, C4<0>, C4<0>, C4<0>;
v0x25c4d40_0 .net *"_s17", 0 0, L_0x25e52d0;  1 drivers
v0x25c4e40_0 .net *"_s22", 2 0, L_0x25e5720;  1 drivers
v0x25c4f20_0 .net "a", 3 0, v0x25ddac0_0;  alias, 1 drivers
v0x25c5010_0 .net "b", 3 0, L_0x25e2d50;  alias, 1 drivers
v0x25c50f0_0 .net "cin", 0 0, L_0x25e1f40;  alias, 1 drivers
v0x25c5200_0 .net8 "cout", 0 0, RS_0x7f48513ff568;  alias, 4 drivers
v0x25c52f0_0 .net "in", 3 0, L_0x25e20e0;  1 drivers
v0x25c53d0_0 .net "out", 3 0, L_0x25e49c0;  1 drivers
v0x25c54b0_0 .net8 "z", 3 0, RS_0x7f48513fe0c8;  alias, 4 drivers
L_0x25e47e0 .concat [ 1 1 1 1], L_0x25e37b0, L_0x25e3bc0, L_0x25e3fd0, L_0x25e43e0;
L_0x25e49c0 .concat [ 1 1 1 1], L_0x25e3a40, L_0x25e3e50, L_0x25e4260, L_0x25e46d0;
L_0x25e4ba0 .part v0x25ddac0_0, 0, 1;
L_0x25e4c40 .part v0x25ddac0_0, 1, 1;
L_0x25e4ce0 .part v0x25ddac0_0, 2, 1;
L_0x25e4d80 .part v0x25ddac0_0, 3, 1;
L_0x25e4e20 .part L_0x25e2d50, 0, 1;
L_0x25e4f50 .part L_0x25e2d50, 1, 1;
L_0x25e4ff0 .part L_0x25e2d50, 2, 1;
L_0x25e5090 .part L_0x25e2d50, 3, 1;
L_0x25e5190 .part L_0x25e20e0, 0, 1;
L_0x25e5230 .part L_0x25e20e0, 1, 1;
L_0x25e5340 .part L_0x25e20e0, 2, 1;
L_0x25e53e0 .part L_0x25e20e0, 3, 1;
L_0x25e20e0 .concat8 [ 1 3 0 0], L_0x25e52d0, L_0x25e5720;
L_0x25e5720 .part L_0x25e49c0, 0, 3;
L_0x25e58a0 .part L_0x25e49c0, 3, 1;
S_0x25c26d0 .scope module, "mine[0]" "yAdder1" 2 92, 2 108 0, S_0x25c2480;
 .timescale 0 0;
    .port_info 0 /OUTPUT 1 "z"
    .port_info 1 /OUTPUT 1 "cout"
    .port_info 2 /INPUT 1 "a"
    .port_info 3 /INPUT 1 "b"
    .port_info 4 /INPUT 1 "cin"
L_0x25e3740 .functor XOR 1, L_0x25e4ba0, L_0x25e4e20, C4<0>, C4<0>;
L_0x25e37b0 .functor XOR 1, L_0x25e5190, L_0x25e3740, C4<0>, C4<0>;
L_0x25e3870 .functor AND 1, L_0x25e4ba0, L_0x25e4e20, C4<1>, C4<1>;
L_0x25e3980 .functor AND 1, L_0x25e3740, L_0x25e5190, C4<1>, C4<1>;
L_0x25e3a40 .functor OR 1, L_0x25e3980, L_0x25e3870, C4<0>, C4<0>;
v0x25c2960_0 .net "a", 0 0, L_0x25e4ba0;  1 drivers
v0x25c2a40_0 .net "b", 0 0, L_0x25e4e20;  1 drivers
v0x25c2b00_0 .net "cin", 0 0, L_0x25e5190;  1 drivers
v0x25c2bd0_0 .net "cout", 0 0, L_0x25e3a40;  1 drivers
v0x25c2c90_0 .net "outL", 0 0, L_0x25e3870;  1 drivers
v0x25c2da0_0 .net "outR", 0 0, L_0x25e3980;  1 drivers
v0x25c2e60_0 .net "tmp", 0 0, L_0x25e3740;  1 drivers
v0x25c2f20_0 .net "z", 0 0, L_0x25e37b0;  1 drivers
S_0x25c3080 .scope module, "mine[1]" "yAdder1" 2 92, 2 108 0, S_0x25c2480;
 .timescale 0 0;
    .port_info 0 /OUTPUT 1 "z"
    .port_info 1 /OUTPUT 1 "cout"
    .port_info 2 /INPUT 1 "a"
    .port_info 3 /INPUT 1 "b"
    .port_info 4 /INPUT 1 "cin"
L_0x25e3b50 .functor XOR 1, L_0x25e4c40, L_0x25e4f50, C4<0>, C4<0>;
L_0x25e3bc0 .functor XOR 1, L_0x25e5230, L_0x25e3b50, C4<0>, C4<0>;
L_0x25e3c80 .functor AND 1, L_0x25e4c40, L_0x25e4f50, C4<1>, C4<1>;
L_0x25e3d90 .functor AND 1, L_0x25e3b50, L_0x25e5230, C4<1>, C4<1>;
L_0x25e3e50 .functor OR 1, L_0x25e3d90, L_0x25e3c80, C4<0>, C4<0>;
v0x25c3310_0 .net "a", 0 0, L_0x25e4c40;  1 drivers
v0x25c33d0_0 .net "b", 0 0, L_0x25e4f50;  1 drivers
v0x25c3490_0 .net "cin", 0 0, L_0x25e5230;  1 drivers
v0x25c3560_0 .net "cout", 0 0, L_0x25e3e50;  1 drivers
v0x25c3620_0 .net "outL", 0 0, L_0x25e3c80;  1 drivers
v0x25c3730_0 .net "outR", 0 0, L_0x25e3d90;  1 drivers
v0x25c37f0_0 .net "tmp", 0 0, L_0x25e3b50;  1 drivers
v0x25c38b0_0 .net "z", 0 0, L_0x25e3bc0;  1 drivers
S_0x25c3a10 .scope module, "mine[2]" "yAdder1" 2 92, 2 108 0, S_0x25c2480;
 .timescale 0 0;
    .port_info 0 /OUTPUT 1 "z"
    .port_info 1 /OUTPUT 1 "cout"
    .port_info 2 /INPUT 1 "a"
    .port_info 3 /INPUT 1 "b"
    .port_info 4 /INPUT 1 "cin"
L_0x25e3f60 .functor XOR 1, L_0x25e4ce0, L_0x25e4ff0, C4<0>, C4<0>;
L_0x25e3fd0 .functor XOR 1, L_0x25e5340, L_0x25e3f60, C4<0>, C4<0>;
L_0x25e4090 .functor AND 1, L_0x25e4ce0, L_0x25e4ff0, C4<1>, C4<1>;
L_0x25e41a0 .functor AND 1, L_0x25e3f60, L_0x25e5340, C4<1>, C4<1>;
L_0x25e4260 .functor OR 1, L_0x25e41a0, L_0x25e4090, C4<0>, C4<0>;
v0x25c3cd0_0 .net "a", 0 0, L_0x25e4ce0;  1 drivers
v0x25c3d70_0 .net "b", 0 0, L_0x25e4ff0;  1 drivers
v0x25c3e30_0 .net "cin", 0 0, L_0x25e5340;  1 drivers
v0x25c3f00_0 .net "cout", 0 0, L_0x25e4260;  1 drivers
v0x25c3fc0_0 .net "outL", 0 0, L_0x25e4090;  1 drivers
v0x25c40d0_0 .net "outR", 0 0, L_0x25e41a0;  1 drivers
v0x25c4190_0 .net "tmp", 0 0, L_0x25e3f60;  1 drivers
v0x25c4250_0 .net "z", 0 0, L_0x25e3fd0;  1 drivers
S_0x25c43b0 .scope module, "mine[3]" "yAdder1" 2 92, 2 108 0, S_0x25c2480;
 .timescale 0 0;
    .port_info 0 /OUTPUT 1 "z"
    .port_info 1 /OUTPUT 1 "cout"
    .port_info 2 /INPUT 1 "a"
    .port_info 3 /INPUT 1 "b"
    .port_info 4 /INPUT 1 "cin"
L_0x25e4370 .functor XOR 1, L_0x25e4d80, L_0x25e5090, C4<0>, C4<0>;
L_0x25e43e0 .functor XOR 1, L_0x25e53e0, L_0x25e4370, C4<0>, C4<0>;
L_0x25e4500 .functor AND 1, L_0x25e4d80, L_0x25e5090, C4<1>, C4<1>;
L_0x25e4610 .functor AND 1, L_0x25e4370, L_0x25e53e0, C4<1>, C4<1>;
L_0x25e46d0 .functor OR 1, L_0x25e4610, L_0x25e4500, C4<0>, C4<0>;
v0x25c4640_0 .net "a", 0 0, L_0x25e4d80;  1 drivers
v0x25c4700_0 .net "b", 0 0, L_0x25e5090;  1 drivers
v0x25c47c0_0 .net "cin", 0 0, L_0x25e53e0;  1 drivers
v0x25c4890_0 .net "cout", 0 0, L_0x25e46d0;  1 drivers
v0x25c4950_0 .net "outL", 0 0, L_0x25e4500;  1 drivers
v0x25c4a60_0 .net "outR", 0 0, L_0x25e4610;  1 drivers
v0x25c4b20_0 .net "tmp", 0 0, L_0x25e4370;  1 drivers
v0x25c4be0_0 .net "z", 0 0, L_0x25e43e0;  1 drivers
S_0x25c56a0 .scope module, "mymux" "yMux" 2 73, 2 78 0, S_0x25c21a0;
 .timescale 0 0;
    .port_info 0 /OUTPUT 4 "z"
    .port_info 1 /INPUT 4 "a"
    .port_info 2 /INPUT 4 "b"
    .port_info 3 /INPUT 1 "c"
P_0x25c5840 .param/l "SIZE" 0 2 79, +C4<00000000000000000000000000000100>;
v0x25c7be0_0 .net "a", 3 0, v0x25ddba0_0;  alias, 1 drivers
v0x25c7d10_0 .net "b", 3 0, L_0x25e1fb0;  alias, 1 drivers
v0x25c7df0_0 .net "c", 0 0, L_0x25e1f40;  alias, 1 drivers
v0x25c7e90_0 .net "z", 3 0, L_0x25e2d50;  alias, 1 drivers
L_0x25e2d50 .concat [ 1 1 1 1], L_0x25e22b0, L_0x25e2560, L_0x25e28a0, L_0x25e2c10;
L_0x25e2f30 .part v0x25ddba0_0, 0, 1;
L_0x25e3020 .part v0x25ddba0_0, 1, 1;
L_0x25e3110 .part v0x25ddba0_0, 2, 1;
L_0x25e3200 .part v0x25ddba0_0, 3, 1;
L_0x25e32f0 .part L_0x25e1fb0, 0, 1;
L_0x25e33e0 .part L_0x25e1fb0, 1, 1;
L_0x25e3560 .part L_0x25e1fb0, 2, 1;
L_0x25e3650 .part L_0x25e1fb0, 3, 1;
S_0x25c5950 .scope module, "mine[0]" "yMux1" 2 83, 2 98 0, S_0x25c56a0;
 .timescale 0 0;
    .port_info 0 /OUTPUT 1 "z"
    .port_info 1 /INPUT 1 "a"
    .port_info 2 /INPUT 1 "b"
    .port_info 3 /INPUT 1 "c"
L_0x25e2070 .functor NOT 1, L_0x25e1f40, C4<0>, C4<0>, C4<0>;
L_0x25c77f0 .functor AND 1, L_0x25e2f30, L_0x25e2070, C4<1>, C4<1>;
L_0x25e2240 .functor AND 1, L_0x25e1f40, L_0x25e32f0, C4<1>, C4<1>;
L_0x25e22b0 .functor OR 1, L_0x25c77f0, L_0x25e2240, C4<0>, C4<0>;
v0x25c5bc0_0 .net "a", 0 0, L_0x25e2f30;  1 drivers
v0x25c5ca0_0 .net "b", 0 0, L_0x25e32f0;  1 drivers
v0x25c5d60_0 .net "c", 0 0, L_0x25e1f40;  alias, 1 drivers
v0x25c5e60_0 .net "lower", 0 0, L_0x25e2240;  1 drivers
v0x25c5f00_0 .net "notC", 0 0, L_0x25e2070;  1 drivers
v0x25c5ff0_0 .net "upper", 0 0, L_0x25c77f0;  1 drivers
v0x25c60b0_0 .net "z", 0 0, L_0x25e22b0;  1 drivers
S_0x25c61f0 .scope module, "mine[1]" "yMux1" 2 83, 2 98 0, S_0x25c56a0;
 .timescale 0 0;
    .port_info 0 /OUTPUT 1 "z"
    .port_info 1 /INPUT 1 "a"
    .port_info 2 /INPUT 1 "b"
    .port_info 3 /INPUT 1 "c"
L_0x25e23c0 .functor NOT 1, L_0x25e1f40, C4<0>, C4<0>, C4<0>;
L_0x25e2430 .functor AND 1, L_0x25e3020, L_0x25e23c0, C4<1>, C4<1>;
L_0x25e24f0 .functor AND 1, L_0x25e1f40, L_0x25e33e0, C4<1>, C4<1>;
L_0x25e2560 .functor OR 1, L_0x25e2430, L_0x25e24f0, C4<0>, C4<0>;
v0x25c6470_0 .net "a", 0 0, L_0x25e3020;  1 drivers
v0x25c6530_0 .net "b", 0 0, L_0x25e33e0;  1 drivers
v0x25c65f0_0 .net "c", 0 0, L_0x25e1f40;  alias, 1 drivers
v0x25c6710_0 .net "lower", 0 0, L_0x25e24f0;  1 drivers
v0x25c67b0_0 .net "notC", 0 0, L_0x25e23c0;  1 drivers
v0x25c68c0_0 .net "upper", 0 0, L_0x25e2430;  1 drivers
v0x25c6980_0 .net "z", 0 0, L_0x25e2560;  1 drivers
S_0x25c6ac0 .scope module, "mine[2]" "yMux1" 2 83, 2 98 0, S_0x25c56a0;
 .timescale 0 0;
    .port_info 0 /OUTPUT 1 "z"
    .port_info 1 /INPUT 1 "a"
    .port_info 2 /INPUT 1 "b"
    .port_info 3 /INPUT 1 "c"
L_0x25e2670 .functor NOT 1, L_0x25e1f40, C4<0>, C4<0>, C4<0>;
L_0x25e26e0 .functor AND 1, L_0x25e3110, L_0x25e2670, C4<1>, C4<1>;
L_0x25e2800 .functor AND 1, L_0x25e1f40, L_0x25e3560, C4<1>, C4<1>;
L_0x25e28a0 .functor OR 1, L_0x25e26e0, L_0x25e2800, C4<0>, C4<0>;
v0x25c6d40_0 .net "a", 0 0, L_0x25e3110;  1 drivers
v0x25c6de0_0 .net "b", 0 0, L_0x25e3560;  1 drivers
v0x25c6ea0_0 .net "c", 0 0, L_0x25e1f40;  alias, 1 drivers
v0x25c6f70_0 .net "lower", 0 0, L_0x25e2800;  1 drivers
v0x25c7010_0 .net "notC", 0 0, L_0x25e2670;  1 drivers
v0x25c7120_0 .net "upper", 0 0, L_0x25e26e0;  1 drivers
v0x25c71e0_0 .net "z", 0 0, L_0x25e28a0;  1 drivers
S_0x25c7320 .scope module, "mine[3]" "yMux1" 2 83, 2 98 0, S_0x25c56a0;
 .timescale 0 0;
    .port_info 0 /OUTPUT 1 "z"
    .port_info 1 /INPUT 1 "a"
    .port_info 2 /INPUT 1 "b"
    .port_info 3 /INPUT 1 "c"
L_0x25e29e0 .functor NOT 1, L_0x25e1f40, C4<0>, C4<0>, C4<0>;
L_0x25e2a50 .functor AND 1, L_0x25e3200, L_0x25e29e0, C4<1>, C4<1>;
L_0x25e2b70 .functor AND 1, L_0x25e1f40, L_0x25e3650, C4<1>, C4<1>;
L_0x25e2c10 .functor OR 1, L_0x25e2a50, L_0x25e2b70, C4<0>, C4<0>;
v0x25c75a0_0 .net "a", 0 0, L_0x25e3200;  1 drivers
v0x25c7660_0 .net "b", 0 0, L_0x25e3650;  1 drivers
v0x25c7720_0 .net "c", 0 0, L_0x25e1f40;  alias, 1 drivers
v0x25c7880_0 .net "lower", 0 0, L_0x25e2b70;  1 drivers
v0x25c7920_0 .net "notC", 0 0, L_0x25e29e0;  1 drivers
v0x25c79e0_0 .net "upper", 0 0, L_0x25e2a50;  1 drivers
v0x25c7aa0_0 .net "z", 0 0, L_0x25e2c10;  1 drivers
S_0x25c8720 .scope module, "op23[2]" "yArith" 2 33, 2 61 0, S_0x2531a00;
 .timescale 0 0;
    .port_info 0 /OUTPUT 4 "z"
    .port_info 1 /OUTPUT 1 "cout"
    .port_info 2 /INPUT 4 "a"
    .port_info 3 /INPUT 4 "b"
    .port_info 4 /INPUT 1 "ctrl"
L_0x25e5940 .functor BUFZ 1, L_0x25f59d0, C4<0>, C4<0>, C4<0>;
L_0x25e59b0 .functor NOT 4, v0x25ddba0_0, C4<0000>, C4<0000>, C4<0000>;
v0x25ce5a0_0 .net "a", 3 0, v0x25ddac0_0;  alias, 1 drivers
v0x25ce680_0 .net "b", 3 0, v0x25ddba0_0;  alias, 1 drivers
v0x25ce740_0 .net "cin", 0 0, L_0x25e5940;  1 drivers
v0x25ce7e0_0 .net8 "cout", 0 0, RS_0x7f48513ff568;  alias, 4 drivers
v0x25ce880_0 .net "ctrl", 0 0, L_0x25f59d0;  alias, 1 drivers
v0x25ce970_0 .net "notB", 3 0, L_0x25e59b0;  1 drivers
v0x25cea10_0 .net "tmp", 3 0, L_0x25e6750;  1 drivers
v0x25ceb00_0 .net8 "z", 3 0, RS_0x7f48513fe0c8;  alias, 4 drivers
S_0x25c8960 .scope module, "myadder" "yAdder" 2 74, 2 86 0, S_0x25c8720;
 .timescale 0 0;
    .port_info 0 /OUTPUT 4 "z"
    .port_info 1 /OUTPUT 1 "cout"
    .port_info 2 /INPUT 4 "a"
    .port_info 3 /INPUT 4 "b"
    .port_info 4 /INPUT 1 "cin"
L_0x25e8c70 .functor BUFZ 1, L_0x25e5940, C4<0>, C4<0>, C4<0>;
v0x25cb280_0 .net *"_s17", 0 0, L_0x25e8c70;  1 drivers
v0x25cb380_0 .net *"_s22", 2 0, L_0x25e90c0;  1 drivers
v0x25cb460_0 .net "a", 3 0, v0x25ddac0_0;  alias, 1 drivers
v0x25cb590_0 .net "b", 3 0, L_0x25e6750;  alias, 1 drivers
v0x25cb670_0 .net "cin", 0 0, L_0x25e5940;  alias, 1 drivers
v0x25cb730_0 .net8 "cout", 0 0, RS_0x7f48513ff568;  alias, 4 drivers
v0x25cb860_0 .net "in", 3 0, L_0x25e5ae0;  1 drivers
v0x25cb940_0 .net "out", 3 0, L_0x25e83c0;  1 drivers
v0x25cba20_0 .net8 "z", 3 0, RS_0x7f48513fe0c8;  alias, 4 drivers
L_0x25e81e0 .concat [ 1 1 1 1], L_0x25e71b0, L_0x25e75c0, L_0x25e79d0, L_0x25e7de0;
L_0x25e83c0 .concat [ 1 1 1 1], L_0x25e7440, L_0x25e7850, L_0x25e7c60, L_0x25e80d0;
L_0x25e85a0 .part v0x25ddac0_0, 0, 1;
L_0x25e8640 .part v0x25ddac0_0, 1, 1;
L_0x25e86e0 .part v0x25ddac0_0, 2, 1;
L_0x25e8780 .part v0x25ddac0_0, 3, 1;
L_0x25e8820 .part L_0x25e6750, 0, 1;
L_0x25e8950 .part L_0x25e6750, 1, 1;
L_0x25e89f0 .part L_0x25e6750, 2, 1;
L_0x25e8a90 .part L_0x25e6750, 3, 1;
L_0x25e8b30 .part L_0x25e5ae0, 0, 1;
L_0x25e8bd0 .part L_0x25e5ae0, 1, 1;
L_0x25e8ce0 .part L_0x25e5ae0, 2, 1;
L_0x25e8d80 .part L_0x25e5ae0, 3, 1;
L_0x25e5ae0 .concat8 [ 1 3 0 0], L_0x25e8c70, L_0x25e90c0;
L_0x25e90c0 .part L_0x25e83c0, 0, 3;
L_0x25e9240 .part L_0x25e83c0, 3, 1;
S_0x25c8be0 .scope module, "mine[0]" "yAdder1" 2 92, 2 108 0, S_0x25c8960;
 .timescale 0 0;
    .port_info 0 /OUTPUT 1 "z"
    .port_info 1 /OUTPUT 1 "cout"
    .port_info 2 /INPUT 1 "a"
    .port_info 3 /INPUT 1 "b"
    .port_info 4 /INPUT 1 "cin"
L_0x25e7140 .functor XOR 1, L_0x25e85a0, L_0x25e8820, C4<0>, C4<0>;
L_0x25e71b0 .functor XOR 1, L_0x25e8b30, L_0x25e7140, C4<0>, C4<0>;
L_0x25e7270 .functor AND 1, L_0x25e85a0, L_0x25e8820, C4<1>, C4<1>;
L_0x25e7380 .functor AND 1, L_0x25e7140, L_0x25e8b30, C4<1>, C4<1>;
L_0x25e7440 .functor OR 1, L_0x25e7380, L_0x25e7270, C4<0>, C4<0>;
v0x25c8ea0_0 .net "a", 0 0, L_0x25e85a0;  1 drivers
v0x25c8f80_0 .net "b", 0 0, L_0x25e8820;  1 drivers
v0x25c9040_0 .net "cin", 0 0, L_0x25e8b30;  1 drivers
v0x25c9110_0 .net "cout", 0 0, L_0x25e7440;  1 drivers
v0x25c91d0_0 .net "outL", 0 0, L_0x25e7270;  1 drivers
v0x25c92e0_0 .net "outR", 0 0, L_0x25e7380;  1 drivers
v0x25c93a0_0 .net "tmp", 0 0, L_0x25e7140;  1 drivers
v0x25c9460_0 .net "z", 0 0, L_0x25e71b0;  1 drivers
S_0x25c95c0 .scope module, "mine[1]" "yAdder1" 2 92, 2 108 0, S_0x25c8960;
 .timescale 0 0;
    .port_info 0 /OUTPUT 1 "z"
    .port_info 1 /OUTPUT 1 "cout"
    .port_info 2 /INPUT 1 "a"
    .port_info 3 /INPUT 1 "b"
    .port_info 4 /INPUT 1 "cin"
L_0x25e7550 .functor XOR 1, L_0x25e8640, L_0x25e8950, C4<0>, C4<0>;
L_0x25e75c0 .functor XOR 1, L_0x25e8bd0, L_0x25e7550, C4<0>, C4<0>;
L_0x25e7680 .functor AND 1, L_0x25e8640, L_0x25e8950, C4<1>, C4<1>;
L_0x25e7790 .functor AND 1, L_0x25e7550, L_0x25e8bd0, C4<1>, C4<1>;
L_0x25e7850 .functor OR 1, L_0x25e7790, L_0x25e7680, C4<0>, C4<0>;
v0x25c9850_0 .net "a", 0 0, L_0x25e8640;  1 drivers
v0x25c9910_0 .net "b", 0 0, L_0x25e8950;  1 drivers
v0x25c99d0_0 .net "cin", 0 0, L_0x25e8bd0;  1 drivers
v0x25c9aa0_0 .net "cout", 0 0, L_0x25e7850;  1 drivers
v0x25c9b60_0 .net "outL", 0 0, L_0x25e7680;  1 drivers
v0x25c9c70_0 .net "outR", 0 0, L_0x25e7790;  1 drivers
v0x25c9d30_0 .net "tmp", 0 0, L_0x25e7550;  1 drivers
v0x25c9df0_0 .net "z", 0 0, L_0x25e75c0;  1 drivers
S_0x25c9f50 .scope module, "mine[2]" "yAdder1" 2 92, 2 108 0, S_0x25c8960;
 .timescale 0 0;
    .port_info 0 /OUTPUT 1 "z"
    .port_info 1 /OUTPUT 1 "cout"
    .port_info 2 /INPUT 1 "a"
    .port_info 3 /INPUT 1 "b"
    .port_info 4 /INPUT 1 "cin"
L_0x25e7960 .functor XOR 1, L_0x25e86e0, L_0x25e89f0, C4<0>, C4<0>;
L_0x25e79d0 .functor XOR 1, L_0x25e8ce0, L_0x25e7960, C4<0>, C4<0>;
L_0x25e7a90 .functor AND 1, L_0x25e86e0, L_0x25e89f0, C4<1>, C4<1>;
L_0x25e7ba0 .functor AND 1, L_0x25e7960, L_0x25e8ce0, C4<1>, C4<1>;
L_0x25e7c60 .functor OR 1, L_0x25e7ba0, L_0x25e7a90, C4<0>, C4<0>;
v0x25ca210_0 .net "a", 0 0, L_0x25e86e0;  1 drivers
v0x25ca2b0_0 .net "b", 0 0, L_0x25e89f0;  1 drivers
v0x25ca370_0 .net "cin", 0 0, L_0x25e8ce0;  1 drivers
v0x25ca440_0 .net "cout", 0 0, L_0x25e7c60;  1 drivers
v0x25ca500_0 .net "outL", 0 0, L_0x25e7a90;  1 drivers
v0x25ca610_0 .net "outR", 0 0, L_0x25e7ba0;  1 drivers
v0x25ca6d0_0 .net "tmp", 0 0, L_0x25e7960;  1 drivers
v0x25ca790_0 .net "z", 0 0, L_0x25e79d0;  1 drivers
S_0x25ca8f0 .scope module, "mine[3]" "yAdder1" 2 92, 2 108 0, S_0x25c8960;
 .timescale 0 0;
    .port_info 0 /OUTPUT 1 "z"
    .port_info 1 /OUTPUT 1 "cout"
    .port_info 2 /INPUT 1 "a"
    .port_info 3 /INPUT 1 "b"
    .port_info 4 /INPUT 1 "cin"
L_0x25e7d70 .functor XOR 1, L_0x25e8780, L_0x25e8a90, C4<0>, C4<0>;
L_0x25e7de0 .functor XOR 1, L_0x25e8d80, L_0x25e7d70, C4<0>, C4<0>;
L_0x25e7f00 .functor AND 1, L_0x25e8780, L_0x25e8a90, C4<1>, C4<1>;
L_0x25e8010 .functor AND 1, L_0x25e7d70, L_0x25e8d80, C4<1>, C4<1>;
L_0x25e80d0 .functor OR 1, L_0x25e8010, L_0x25e7f00, C4<0>, C4<0>;
v0x25cab80_0 .net "a", 0 0, L_0x25e8780;  1 drivers
v0x25cac40_0 .net "b", 0 0, L_0x25e8a90;  1 drivers
v0x25cad00_0 .net "cin", 0 0, L_0x25e8d80;  1 drivers
v0x25cadd0_0 .net "cout", 0 0, L_0x25e80d0;  1 drivers
v0x25cae90_0 .net "outL", 0 0, L_0x25e7f00;  1 drivers
v0x25cafa0_0 .net "outR", 0 0, L_0x25e8010;  1 drivers
v0x25cb060_0 .net "tmp", 0 0, L_0x25e7d70;  1 drivers
v0x25cb120_0 .net "z", 0 0, L_0x25e7de0;  1 drivers
S_0x25cbc10 .scope module, "mymux" "yMux" 2 73, 2 78 0, S_0x25c8720;
 .timescale 0 0;
    .port_info 0 /OUTPUT 4 "z"
    .port_info 1 /INPUT 4 "a"
    .port_info 2 /INPUT 4 "b"
    .port_info 3 /INPUT 1 "c"
P_0x25c52a0 .param/l "SIZE" 0 2 79, +C4<00000000000000000000000000000100>;
v0x25ce150_0 .net "a", 3 0, v0x25ddba0_0;  alias, 1 drivers
v0x25ce2c0_0 .net "b", 3 0, L_0x25e59b0;  alias, 1 drivers
v0x25ce3a0_0 .net "c", 0 0, L_0x25e5940;  alias, 1 drivers
v0x25ce440_0 .net "z", 3 0, L_0x25e6750;  alias, 1 drivers
L_0x25e6750 .concat [ 1 1 1 1], L_0x25e5cb0, L_0x25e5f60, L_0x25e62a0, L_0x25e6610;
L_0x25e6930 .part v0x25ddba0_0, 0, 1;
L_0x25e6a20 .part v0x25ddba0_0, 1, 1;
L_0x25e6b10 .part v0x25ddba0_0, 2, 1;
L_0x25e6c00 .part v0x25ddba0_0, 3, 1;
L_0x25e6cf0 .part L_0x25e59b0, 0, 1;
L_0x25e6de0 .part L_0x25e59b0, 1, 1;
L_0x25e6f60 .part L_0x25e59b0, 2, 1;
L_0x25e7050 .part L_0x25e59b0, 3, 1;
S_0x25cbea0 .scope module, "mine[0]" "yMux1" 2 83, 2 98 0, S_0x25cbc10;
 .timescale 0 0;
    .port_info 0 /OUTPUT 1 "z"
    .port_info 1 /INPUT 1 "a"
    .port_info 2 /INPUT 1 "b"
    .port_info 3 /INPUT 1 "c"
L_0x25e5a70 .functor NOT 1, L_0x25e5940, C4<0>, C4<0>, C4<0>;
L_0x25cdd60 .functor AND 1, L_0x25e6930, L_0x25e5a70, C4<1>, C4<1>;
L_0x25e5c40 .functor AND 1, L_0x25e5940, L_0x25e6cf0, C4<1>, C4<1>;
L_0x25e5cb0 .functor OR 1, L_0x25cdd60, L_0x25e5c40, C4<0>, C4<0>;
v0x25cc130_0 .net "a", 0 0, L_0x25e6930;  1 drivers
v0x25cc210_0 .net "b", 0 0, L_0x25e6cf0;  1 drivers
v0x25cc2d0_0 .net "c", 0 0, L_0x25e5940;  alias, 1 drivers
v0x25cc3d0_0 .net "lower", 0 0, L_0x25e5c40;  1 drivers
v0x25cc470_0 .net "notC", 0 0, L_0x25e5a70;  1 drivers
v0x25cc560_0 .net "upper", 0 0, L_0x25cdd60;  1 drivers
v0x25cc620_0 .net "z", 0 0, L_0x25e5cb0;  1 drivers
S_0x25cc760 .scope module, "mine[1]" "yMux1" 2 83, 2 98 0, S_0x25cbc10;
 .timescale 0 0;
    .port_info 0 /OUTPUT 1 "z"
    .port_info 1 /INPUT 1 "a"
    .port_info 2 /INPUT 1 "b"
    .port_info 3 /INPUT 1 "c"
L_0x25e5dc0 .functor NOT 1, L_0x25e5940, C4<0>, C4<0>, C4<0>;
L_0x25e5e30 .functor AND 1, L_0x25e6a20, L_0x25e5dc0, C4<1>, C4<1>;
L_0x25e5ef0 .functor AND 1, L_0x25e5940, L_0x25e6de0, C4<1>, C4<1>;
L_0x25e5f60 .functor OR 1, L_0x25e5e30, L_0x25e5ef0, C4<0>, C4<0>;
v0x25cc9e0_0 .net "a", 0 0, L_0x25e6a20;  1 drivers
v0x25ccaa0_0 .net "b", 0 0, L_0x25e6de0;  1 drivers
v0x25ccb60_0 .net "c", 0 0, L_0x25e5940;  alias, 1 drivers
v0x25ccc80_0 .net "lower", 0 0, L_0x25e5ef0;  1 drivers
v0x25ccd20_0 .net "notC", 0 0, L_0x25e5dc0;  1 drivers
v0x25cce30_0 .net "upper", 0 0, L_0x25e5e30;  1 drivers
v0x25ccef0_0 .net "z", 0 0, L_0x25e5f60;  1 drivers
S_0x25cd030 .scope module, "mine[2]" "yMux1" 2 83, 2 98 0, S_0x25cbc10;
 .timescale 0 0;
    .port_info 0 /OUTPUT 1 "z"
    .port_info 1 /INPUT 1 "a"
    .port_info 2 /INPUT 1 "b"
    .port_info 3 /INPUT 1 "c"
L_0x25e6070 .functor NOT 1, L_0x25e5940, C4<0>, C4<0>, C4<0>;
L_0x25e60e0 .functor AND 1, L_0x25e6b10, L_0x25e6070, C4<1>, C4<1>;
L_0x25e6200 .functor AND 1, L_0x25e5940, L_0x25e6f60, C4<1>, C4<1>;
L_0x25e62a0 .functor OR 1, L_0x25e60e0, L_0x25e6200, C4<0>, C4<0>;
v0x25cd2b0_0 .net "a", 0 0, L_0x25e6b10;  1 drivers
v0x25cd350_0 .net "b", 0 0, L_0x25e6f60;  1 drivers
v0x25cd410_0 .net "c", 0 0, L_0x25e5940;  alias, 1 drivers
v0x25cd4e0_0 .net "lower", 0 0, L_0x25e6200;  1 drivers
v0x25cd580_0 .net "notC", 0 0, L_0x25e6070;  1 drivers
v0x25cd690_0 .net "upper", 0 0, L_0x25e60e0;  1 drivers
v0x25cd750_0 .net "z", 0 0, L_0x25e62a0;  1 drivers
S_0x25cd890 .scope module, "mine[3]" "yMux1" 2 83, 2 98 0, S_0x25cbc10;
 .timescale 0 0;
    .port_info 0 /OUTPUT 1 "z"
    .port_info 1 /INPUT 1 "a"
    .port_info 2 /INPUT 1 "b"
    .port_info 3 /INPUT 1 "c"
L_0x25e63e0 .functor NOT 1, L_0x25e5940, C4<0>, C4<0>, C4<0>;
L_0x25e6450 .functor AND 1, L_0x25e6c00, L_0x25e63e0, C4<1>, C4<1>;
L_0x25e6570 .functor AND 1, L_0x25e5940, L_0x25e7050, C4<1>, C4<1>;
L_0x25e6610 .functor OR 1, L_0x25e6450, L_0x25e6570, C4<0>, C4<0>;
v0x25cdb10_0 .net "a", 0 0, L_0x25e6c00;  1 drivers
v0x25cdbd0_0 .net "b", 0 0, L_0x25e7050;  1 drivers
v0x25cdc90_0 .net "c", 0 0, L_0x25e5940;  alias, 1 drivers
v0x25cddf0_0 .net "lower", 0 0, L_0x25e6570;  1 drivers
v0x25cde90_0 .net "notC", 0 0, L_0x25e63e0;  1 drivers
v0x25cdf50_0 .net "upper", 0 0, L_0x25e6450;  1 drivers
v0x25ce010_0 .net "z", 0 0, L_0x25e6610;  1 drivers
S_0x25cec60 .scope module, "op23[3]" "yArith" 2 33, 2 61 0, S_0x2531a00;
 .timescale 0 0;
    .port_info 0 /OUTPUT 4 "z"
    .port_info 1 /OUTPUT 1 "cout"
    .port_info 2 /INPUT 4 "a"
    .port_info 3 /INPUT 4 "b"
    .port_info 4 /INPUT 1 "ctrl"
L_0x25e92e0 .functor BUFZ 1, L_0x25f59d0, C4<0>, C4<0>, C4<0>;
L_0x25dcfe0 .functor NOT 4, v0x25ddba0_0, C4<0000>, C4<0000>, C4<0000>;
v0x25d49f0_0 .net "a", 3 0, v0x25ddac0_0;  alias, 1 drivers
v0x25d4ad0_0 .net "b", 3 0, v0x25ddba0_0;  alias, 1 drivers
v0x25d4b90_0 .net "cin", 0 0, L_0x25e92e0;  1 drivers
v0x25d4c30_0 .net8 "cout", 0 0, RS_0x7f48513ff568;  alias, 4 drivers
v0x25d4cd0_0 .net "ctrl", 0 0, L_0x25f59d0;  alias, 1 drivers
v0x25d4dc0_0 .net "notB", 3 0, L_0x25dcfe0;  1 drivers
v0x25d4e60_0 .net "tmp", 3 0, L_0x25ea190;  1 drivers
v0x25d4f50_0 .net8 "z", 3 0, RS_0x7f48513fe0c8;  alias, 4 drivers
S_0x25ceef0 .scope module, "myadder" "yAdder" 2 74, 2 86 0, S_0x25cec60;
 .timescale 0 0;
    .port_info 0 /OUTPUT 4 "z"
    .port_info 1 /OUTPUT 1 "cout"
    .port_info 2 /INPUT 4 "a"
    .port_info 3 /INPUT 4 "b"
    .port_info 4 /INPUT 1 "cin"
L_0x25ec840 .functor BUFZ 1, L_0x25e92e0, C4<0>, C4<0>, C4<0>;
v0x25d17e0_0 .net *"_s17", 0 0, L_0x25ec840;  1 drivers
v0x25d18e0_0 .net *"_s22", 2 0, L_0x25ecd10;  1 drivers
v0x25d19c0_0 .net "a", 3 0, v0x25ddac0_0;  alias, 1 drivers
v0x25d1a60_0 .net "b", 3 0, L_0x25ea190;  alias, 1 drivers
v0x25d1b40_0 .net "cin", 0 0, L_0x25e92e0;  alias, 1 drivers
v0x25d1c50_0 .net8 "cout", 0 0, RS_0x7f48513ff568;  alias, 4 drivers
v0x25d1cf0_0 .net "in", 3 0, L_0x25e9520;  1 drivers
v0x25d1dd0_0 .net "out", 3 0, L_0x25ebf30;  1 drivers
v0x25d1eb0_0 .net8 "z", 3 0, RS_0x7f48513fe0c8;  alias, 4 drivers
L_0x25ebd50 .concat [ 1 1 1 1], L_0x25ead80, L_0x25eb190, L_0x25eb5a0, L_0x25eb9b0;
L_0x25ebf30 .concat [ 1 1 1 1], L_0x25eb010, L_0x25eb420, L_0x25eb830, L_0x25ebc40;
L_0x25ec110 .part v0x25ddac0_0, 0, 1;
L_0x25ec1b0 .part v0x25ddac0_0, 1, 1;
L_0x25ec250 .part v0x25ddac0_0, 2, 1;
L_0x25ec2f0 .part v0x25ddac0_0, 3, 1;
L_0x25ec390 .part L_0x25ea190, 0, 1;
L_0x25ec4c0 .part L_0x25ea190, 1, 1;
L_0x25ec560 .part L_0x25ea190, 2, 1;
L_0x25ec600 .part L_0x25ea190, 3, 1;
L_0x25ec700 .part L_0x25e9520, 0, 1;
L_0x25ec7a0 .part L_0x25e9520, 1, 1;
L_0x25ec8b0 .part L_0x25e9520, 2, 1;
L_0x25ec950 .part L_0x25e9520, 3, 1;
L_0x25e9520 .concat8 [ 1 3 0 0], L_0x25ec840, L_0x25ecd10;
L_0x25ecd10 .part L_0x25ebf30, 0, 3;
L_0x25ece90 .part L_0x25ebf30, 3, 1;
S_0x25cf140 .scope module, "mine[0]" "yAdder1" 2 92, 2 108 0, S_0x25ceef0;
 .timescale 0 0;
    .port_info 0 /OUTPUT 1 "z"
    .port_info 1 /OUTPUT 1 "cout"
    .port_info 2 /INPUT 1 "a"
    .port_info 3 /INPUT 1 "b"
    .port_info 4 /INPUT 1 "cin"
L_0x25ead10 .functor XOR 1, L_0x25ec110, L_0x25ec390, C4<0>, C4<0>;
L_0x25ead80 .functor XOR 1, L_0x25ec700, L_0x25ead10, C4<0>, C4<0>;
L_0x25eae40 .functor AND 1, L_0x25ec110, L_0x25ec390, C4<1>, C4<1>;
L_0x25eaf50 .functor AND 1, L_0x25ead10, L_0x25ec700, C4<1>, C4<1>;
L_0x25eb010 .functor OR 1, L_0x25eaf50, L_0x25eae40, C4<0>, C4<0>;
v0x25cf400_0 .net "a", 0 0, L_0x25ec110;  1 drivers
v0x25cf4e0_0 .net "b", 0 0, L_0x25ec390;  1 drivers
v0x25cf5a0_0 .net "cin", 0 0, L_0x25ec700;  1 drivers
v0x25cf670_0 .net "cout", 0 0, L_0x25eb010;  1 drivers
v0x25cf730_0 .net "outL", 0 0, L_0x25eae40;  1 drivers
v0x25cf840_0 .net "outR", 0 0, L_0x25eaf50;  1 drivers
v0x25cf900_0 .net "tmp", 0 0, L_0x25ead10;  1 drivers
v0x25cf9c0_0 .net "z", 0 0, L_0x25ead80;  1 drivers
S_0x25cfb20 .scope module, "mine[1]" "yAdder1" 2 92, 2 108 0, S_0x25ceef0;
 .timescale 0 0;
    .port_info 0 /OUTPUT 1 "z"
    .port_info 1 /OUTPUT 1 "cout"
    .port_info 2 /INPUT 1 "a"
    .port_info 3 /INPUT 1 "b"
    .port_info 4 /INPUT 1 "cin"
L_0x25eb120 .functor XOR 1, L_0x25ec1b0, L_0x25ec4c0, C4<0>, C4<0>;
L_0x25eb190 .functor XOR 1, L_0x25ec7a0, L_0x25eb120, C4<0>, C4<0>;
L_0x25eb250 .functor AND 1, L_0x25ec1b0, L_0x25ec4c0, C4<1>, C4<1>;
L_0x25eb360 .functor AND 1, L_0x25eb120, L_0x25ec7a0, C4<1>, C4<1>;
L_0x25eb420 .functor OR 1, L_0x25eb360, L_0x25eb250, C4<0>, C4<0>;
v0x25cfdb0_0 .net "a", 0 0, L_0x25ec1b0;  1 drivers
v0x25cfe70_0 .net "b", 0 0, L_0x25ec4c0;  1 drivers
v0x25cff30_0 .net "cin", 0 0, L_0x25ec7a0;  1 drivers
v0x25d0000_0 .net "cout", 0 0, L_0x25eb420;  1 drivers
v0x25d00c0_0 .net "outL", 0 0, L_0x25eb250;  1 drivers
v0x25d01d0_0 .net "outR", 0 0, L_0x25eb360;  1 drivers
v0x25d0290_0 .net "tmp", 0 0, L_0x25eb120;  1 drivers
v0x25d0350_0 .net "z", 0 0, L_0x25eb190;  1 drivers
S_0x25d04b0 .scope module, "mine[2]" "yAdder1" 2 92, 2 108 0, S_0x25ceef0;
 .timescale 0 0;
    .port_info 0 /OUTPUT 1 "z"
    .port_info 1 /OUTPUT 1 "cout"
    .port_info 2 /INPUT 1 "a"
    .port_info 3 /INPUT 1 "b"
    .port_info 4 /INPUT 1 "cin"
L_0x25eb530 .functor XOR 1, L_0x25ec250, L_0x25ec560, C4<0>, C4<0>;
L_0x25eb5a0 .functor XOR 1, L_0x25ec8b0, L_0x25eb530, C4<0>, C4<0>;
L_0x25eb660 .functor AND 1, L_0x25ec250, L_0x25ec560, C4<1>, C4<1>;
L_0x25eb770 .functor AND 1, L_0x25eb530, L_0x25ec8b0, C4<1>, C4<1>;
L_0x25eb830 .functor OR 1, L_0x25eb770, L_0x25eb660, C4<0>, C4<0>;
v0x25d0770_0 .net "a", 0 0, L_0x25ec250;  1 drivers
v0x25d0810_0 .net "b", 0 0, L_0x25ec560;  1 drivers
v0x25d08d0_0 .net "cin", 0 0, L_0x25ec8b0;  1 drivers
v0x25d09a0_0 .net "cout", 0 0, L_0x25eb830;  1 drivers
v0x25d0a60_0 .net "outL", 0 0, L_0x25eb660;  1 drivers
v0x25d0b70_0 .net "outR", 0 0, L_0x25eb770;  1 drivers
v0x25d0c30_0 .net "tmp", 0 0, L_0x25eb530;  1 drivers
v0x25d0cf0_0 .net "z", 0 0, L_0x25eb5a0;  1 drivers
S_0x25d0e50 .scope module, "mine[3]" "yAdder1" 2 92, 2 108 0, S_0x25ceef0;
 .timescale 0 0;
    .port_info 0 /OUTPUT 1 "z"
    .port_info 1 /OUTPUT 1 "cout"
    .port_info 2 /INPUT 1 "a"
    .port_info 3 /INPUT 1 "b"
    .port_info 4 /INPUT 1 "cin"
L_0x25eb940 .functor XOR 1, L_0x25ec2f0, L_0x25ec600, C4<0>, C4<0>;
L_0x25eb9b0 .functor XOR 1, L_0x25ec950, L_0x25eb940, C4<0>, C4<0>;
L_0x25eba70 .functor AND 1, L_0x25ec2f0, L_0x25ec600, C4<1>, C4<1>;
L_0x25ebb80 .functor AND 1, L_0x25eb940, L_0x25ec950, C4<1>, C4<1>;
L_0x25ebc40 .functor OR 1, L_0x25ebb80, L_0x25eba70, C4<0>, C4<0>;
v0x25d10e0_0 .net "a", 0 0, L_0x25ec2f0;  1 drivers
v0x25d11a0_0 .net "b", 0 0, L_0x25ec600;  1 drivers
v0x25d1260_0 .net "cin", 0 0, L_0x25ec950;  1 drivers
v0x25d1330_0 .net "cout", 0 0, L_0x25ebc40;  1 drivers
v0x25d13f0_0 .net "outL", 0 0, L_0x25eba70;  1 drivers
v0x25d1500_0 .net "outR", 0 0, L_0x25ebb80;  1 drivers
v0x25d15c0_0 .net "tmp", 0 0, L_0x25eb940;  1 drivers
v0x25d1680_0 .net "z", 0 0, L_0x25eb9b0;  1 drivers
S_0x25d20a0 .scope module, "mymux" "yMux" 2 73, 2 78 0, S_0x25cec60;
 .timescale 0 0;
    .port_info 0 /OUTPUT 4 "z"
    .port_info 1 /INPUT 4 "a"
    .port_info 2 /INPUT 4 "b"
    .port_info 3 /INPUT 1 "c"
P_0x25d2240 .param/l "SIZE" 0 2 79, +C4<00000000000000000000000000000100>;
v0x25d4630_0 .net "a", 3 0, v0x25ddba0_0;  alias, 1 drivers
v0x25d4710_0 .net "b", 3 0, L_0x25dcfe0;  alias, 1 drivers
v0x25d47f0_0 .net "c", 0 0, L_0x25e92e0;  alias, 1 drivers
v0x25d4890_0 .net "z", 3 0, L_0x25ea190;  alias, 1 drivers
L_0x25ea190 .concat [ 1 1 1 1], L_0x25e96f0, L_0x25e99a0, L_0x25e9ce0, L_0x25ea050;
L_0x25ea370 .part v0x25ddba0_0, 0, 1;
L_0x25ea460 .part v0x25ddba0_0, 1, 1;
L_0x25ea550 .part v0x25ddba0_0, 2, 1;
L_0x25df490 .part v0x25ddba0_0, 3, 1;
L_0x25df580 .part L_0x25dcfe0, 0, 1;
L_0x25eaa50 .part L_0x25dcfe0, 1, 1;
L_0x25eab80 .part L_0x25dcfe0, 2, 1;
L_0x25eac20 .part L_0x25dcfe0, 3, 1;
S_0x25d2380 .scope module, "mine[0]" "yMux1" 2 83, 2 98 0, S_0x25d20a0;
 .timescale 0 0;
    .port_info 0 /OUTPUT 1 "z"
    .port_info 1 /INPUT 1 "a"
    .port_info 2 /INPUT 1 "b"
    .port_info 3 /INPUT 1 "c"
L_0x25e94b0 .functor NOT 1, L_0x25e92e0, C4<0>, C4<0>, C4<0>;
L_0x25d4240 .functor AND 1, L_0x25ea370, L_0x25e94b0, C4<1>, C4<1>;
L_0x25e9680 .functor AND 1, L_0x25e92e0, L_0x25df580, C4<1>, C4<1>;
L_0x25e96f0 .functor OR 1, L_0x25d4240, L_0x25e9680, C4<0>, C4<0>;
v0x25d2610_0 .net "a", 0 0, L_0x25ea370;  1 drivers
v0x25d26f0_0 .net "b", 0 0, L_0x25df580;  1 drivers
v0x25d27b0_0 .net "c", 0 0, L_0x25e92e0;  alias, 1 drivers
v0x25d28b0_0 .net "lower", 0 0, L_0x25e9680;  1 drivers
v0x25d2950_0 .net "notC", 0 0, L_0x25e94b0;  1 drivers
v0x25d2a40_0 .net "upper", 0 0, L_0x25d4240;  1 drivers
v0x25d2b00_0 .net "z", 0 0, L_0x25e96f0;  1 drivers
S_0x25d2c40 .scope module, "mine[1]" "yMux1" 2 83, 2 98 0, S_0x25d20a0;
 .timescale 0 0;
    .port_info 0 /OUTPUT 1 "z"
    .port_info 1 /INPUT 1 "a"
    .port_info 2 /INPUT 1 "b"
    .port_info 3 /INPUT 1 "c"
L_0x25e9800 .functor NOT 1, L_0x25e92e0, C4<0>, C4<0>, C4<0>;
L_0x25e9870 .functor AND 1, L_0x25ea460, L_0x25e9800, C4<1>, C4<1>;
L_0x25e9930 .functor AND 1, L_0x25e92e0, L_0x25eaa50, C4<1>, C4<1>;
L_0x25e99a0 .functor OR 1, L_0x25e9870, L_0x25e9930, C4<0>, C4<0>;
v0x25d2ec0_0 .net "a", 0 0, L_0x25ea460;  1 drivers
v0x25d2f80_0 .net "b", 0 0, L_0x25eaa50;  1 drivers
v0x25d3040_0 .net "c", 0 0, L_0x25e92e0;  alias, 1 drivers
v0x25d3160_0 .net "lower", 0 0, L_0x25e9930;  1 drivers
v0x25d3200_0 .net "notC", 0 0, L_0x25e9800;  1 drivers
v0x25d3310_0 .net "upper", 0 0, L_0x25e9870;  1 drivers
v0x25d33d0_0 .net "z", 0 0, L_0x25e99a0;  1 drivers
S_0x25d3510 .scope module, "mine[2]" "yMux1" 2 83, 2 98 0, S_0x25d20a0;
 .timescale 0 0;
    .port_info 0 /OUTPUT 1 "z"
    .port_info 1 /INPUT 1 "a"
    .port_info 2 /INPUT 1 "b"
    .port_info 3 /INPUT 1 "c"
L_0x25e9ab0 .functor NOT 1, L_0x25e92e0, C4<0>, C4<0>, C4<0>;
L_0x25e9b20 .functor AND 1, L_0x25ea550, L_0x25e9ab0, C4<1>, C4<1>;
L_0x25e9c40 .functor AND 1, L_0x25e92e0, L_0x25eab80, C4<1>, C4<1>;
L_0x25e9ce0 .functor OR 1, L_0x25e9b20, L_0x25e9c40, C4<0>, C4<0>;
v0x25d3790_0 .net "a", 0 0, L_0x25ea550;  1 drivers
v0x25d3830_0 .net "b", 0 0, L_0x25eab80;  1 drivers
v0x25d38f0_0 .net "c", 0 0, L_0x25e92e0;  alias, 1 drivers
v0x25d39c0_0 .net "lower", 0 0, L_0x25e9c40;  1 drivers
v0x25d3a60_0 .net "notC", 0 0, L_0x25e9ab0;  1 drivers
v0x25d3b70_0 .net "upper", 0 0, L_0x25e9b20;  1 drivers
v0x25d3c30_0 .net "z", 0 0, L_0x25e9ce0;  1 drivers
S_0x25d3d70 .scope module, "mine[3]" "yMux1" 2 83, 2 98 0, S_0x25d20a0;
 .timescale 0 0;
    .port_info 0 /OUTPUT 1 "z"
    .port_info 1 /INPUT 1 "a"
    .port_info 2 /INPUT 1 "b"
    .port_info 3 /INPUT 1 "c"
L_0x25e9e20 .functor NOT 1, L_0x25e92e0, C4<0>, C4<0>, C4<0>;
L_0x25e9e90 .functor AND 1, L_0x25df490, L_0x25e9e20, C4<1>, C4<1>;
L_0x25e9fb0 .functor AND 1, L_0x25e92e0, L_0x25eac20, C4<1>, C4<1>;
L_0x25ea050 .functor OR 1, L_0x25e9e90, L_0x25e9fb0, C4<0>, C4<0>;
v0x25d3ff0_0 .net "a", 0 0, L_0x25df490;  1 drivers
v0x25d40b0_0 .net "b", 0 0, L_0x25eac20;  1 drivers
v0x25d4170_0 .net "c", 0 0, L_0x25e92e0;  alias, 1 drivers
v0x25d42d0_0 .net "lower", 0 0, L_0x25e9fb0;  1 drivers
v0x25d4370_0 .net "notC", 0 0, L_0x25e9e20;  1 drivers
v0x25d4430_0 .net "upper", 0 0, L_0x25e9e90;  1 drivers
v0x25d44f0_0 .net "z", 0 0, L_0x25ea050;  1 drivers
S_0x25d5140 .scope module, "op4b" "yArith" 2 37, 2 61 0, S_0x2531a00;
 .timescale 0 0;
    .port_info 0 /OUTPUT 4 "z"
    .port_info 1 /OUTPUT 1 "cout"
    .port_info 2 /INPUT 4 "a"
    .port_info 3 /INPUT 4 "b"
    .port_info 4 /INPUT 1 "ctrl"
L_0x7f48513b4018 .functor BUFT 1, C4<1>, C4<0>, C4<0>, C4<0>;
L_0x25ed180 .functor BUFZ 1, L_0x7f48513b4018, C4<0>, C4<0>, C4<0>;
L_0x25ed1f0 .functor NOT 4, v0x25ddba0_0, C4<0000>, C4<0000>, C4<0000>;
v0x25db020_0 .net "a", 3 0, v0x25ddac0_0;  alias, 1 drivers
v0x25db100_0 .net "b", 3 0, v0x25ddba0_0;  alias, 1 drivers
v0x25db1c0_0 .net "cin", 0 0, L_0x25ed180;  1 drivers
v0x25db260_0 .net "cout", 0 0, L_0x25f0ce0;  alias, 1 drivers
v0x25db330_0 .net "ctrl", 0 0, L_0x7f48513b4018;  1 drivers
v0x25db420_0 .net "notB", 3 0, L_0x25ed1f0;  1 drivers
v0x25db4c0_0 .net "tmp", 3 0, L_0x25edfc0;  1 drivers
v0x25db5b0_0 .net "z", 3 0, L_0x25efa50;  alias, 1 drivers
S_0x25d5390 .scope module, "myadder" "yAdder" 2 74, 2 86 0, S_0x25d5140;
 .timescale 0 0;
    .port_info 0 /OUTPUT 4 "z"
    .port_info 1 /OUTPUT 1 "cout"
    .port_info 2 /INPUT 4 "a"
    .port_info 3 /INPUT 4 "b"
    .port_info 4 /INPUT 1 "cin"
L_0x25f08e0 .functor BUFZ 1, L_0x25ed180, C4<0>, C4<0>, C4<0>;
v0x25d7cd0_0 .net *"_s17", 0 0, L_0x25f08e0;  1 drivers
v0x25d7dd0_0 .net *"_s22", 2 0, L_0x25f0b60;  1 drivers
v0x25d7eb0_0 .net "a", 3 0, v0x25ddac0_0;  alias, 1 drivers
v0x25d8060_0 .net "b", 3 0, L_0x25edfc0;  alias, 1 drivers
v0x25d8100_0 .net "cin", 0 0, L_0x25ed180;  alias, 1 drivers
v0x25d81c0_0 .net "cout", 0 0, L_0x25f0ce0;  alias, 1 drivers
v0x25d8280_0 .net "in", 3 0, L_0x25ed320;  1 drivers
v0x25d8360_0 .net "out", 3 0, L_0x25efc30;  1 drivers
v0x25d8440_0 .net "z", 3 0, L_0x25efa50;  alias, 1 drivers
L_0x25efa50 .concat [ 1 1 1 1], L_0x25eea20, L_0x25eee30, L_0x25ef240, L_0x25ef650;
L_0x25efc30 .concat [ 1 1 1 1], L_0x25eecb0, L_0x25ef0c0, L_0x25ef4d0, L_0x25ef940;
L_0x25efe10 .part v0x25ddac0_0, 0, 1;
L_0x25efeb0 .part v0x25ddac0_0, 1, 1;
L_0x25e1260 .part v0x25ddac0_0, 2, 1;
L_0x25e1300 .part v0x25ddac0_0, 3, 1;
L_0x25e13a0 .part L_0x25edfc0, 0, 1;
L_0x25f03f0 .part L_0x25edfc0, 1, 1;
L_0x25f0490 .part L_0x25edfc0, 2, 1;
L_0x25f0530 .part L_0x25edfc0, 3, 1;
L_0x25f05d0 .part L_0x25ed320, 0, 1;
L_0x25f0670 .part L_0x25ed320, 1, 1;
L_0x25f0710 .part L_0x25ed320, 2, 1;
L_0x25f07b0 .part L_0x25ed320, 3, 1;
L_0x25ed320 .concat8 [ 1 3 0 0], L_0x25f08e0, L_0x25f0b60;
L_0x25f0b60 .part L_0x25efc30, 0, 3;
L_0x25f0ce0 .part L_0x25efc30, 3, 1;
S_0x25d5630 .scope module, "mine[0]" "yAdder1" 2 92, 2 108 0, S_0x25d5390;
 .timescale 0 0;
    .port_info 0 /OUTPUT 1 "z"
    .port_info 1 /OUTPUT 1 "cout"
    .port_info 2 /INPUT 1 "a"
    .port_info 3 /INPUT 1 "b"
    .port_info 4 /INPUT 1 "cin"
L_0x25ee9b0 .functor XOR 1, L_0x25efe10, L_0x25e13a0, C4<0>, C4<0>;
L_0x25eea20 .functor XOR 1, L_0x25f05d0, L_0x25ee9b0, C4<0>, C4<0>;
L_0x25eeae0 .functor AND 1, L_0x25efe10, L_0x25e13a0, C4<1>, C4<1>;
L_0x25eebf0 .functor AND 1, L_0x25ee9b0, L_0x25f05d0, C4<1>, C4<1>;
L_0x25eecb0 .functor OR 1, L_0x25eebf0, L_0x25eeae0, C4<0>, C4<0>;
v0x25d58f0_0 .net "a", 0 0, L_0x25efe10;  1 drivers
v0x25d59d0_0 .net "b", 0 0, L_0x25e13a0;  1 drivers
v0x25d5a90_0 .net "cin", 0 0, L_0x25f05d0;  1 drivers
v0x25d5b60_0 .net "cout", 0 0, L_0x25eecb0;  1 drivers
v0x25d5c20_0 .net "outL", 0 0, L_0x25eeae0;  1 drivers
v0x25d5d30_0 .net "outR", 0 0, L_0x25eebf0;  1 drivers
v0x25d5df0_0 .net "tmp", 0 0, L_0x25ee9b0;  1 drivers
v0x25d5eb0_0 .net "z", 0 0, L_0x25eea20;  1 drivers
S_0x25d6010 .scope module, "mine[1]" "yAdder1" 2 92, 2 108 0, S_0x25d5390;
 .timescale 0 0;
    .port_info 0 /OUTPUT 1 "z"
    .port_info 1 /OUTPUT 1 "cout"
    .port_info 2 /INPUT 1 "a"
    .port_info 3 /INPUT 1 "b"
    .port_info 4 /INPUT 1 "cin"
L_0x25eedc0 .functor XOR 1, L_0x25efeb0, L_0x25f03f0, C4<0>, C4<0>;
L_0x25eee30 .functor XOR 1, L_0x25f0670, L_0x25eedc0, C4<0>, C4<0>;
L_0x25eeef0 .functor AND 1, L_0x25efeb0, L_0x25f03f0, C4<1>, C4<1>;
L_0x25ef000 .functor AND 1, L_0x25eedc0, L_0x25f0670, C4<1>, C4<1>;
L_0x25ef0c0 .functor OR 1, L_0x25ef000, L_0x25eeef0, C4<0>, C4<0>;
v0x25d62a0_0 .net "a", 0 0, L_0x25efeb0;  1 drivers
v0x25d6360_0 .net "b", 0 0, L_0x25f03f0;  1 drivers
v0x25d6420_0 .net "cin", 0 0, L_0x25f0670;  1 drivers
v0x25d64f0_0 .net "cout", 0 0, L_0x25ef0c0;  1 drivers
v0x25d65b0_0 .net "outL", 0 0, L_0x25eeef0;  1 drivers
v0x25d66c0_0 .net "outR", 0 0, L_0x25ef000;  1 drivers
v0x25d6780_0 .net "tmp", 0 0, L_0x25eedc0;  1 drivers
v0x25d6840_0 .net "z", 0 0, L_0x25eee30;  1 drivers
S_0x25d69a0 .scope module, "mine[2]" "yAdder1" 2 92, 2 108 0, S_0x25d5390;
 .timescale 0 0;
    .port_info 0 /OUTPUT 1 "z"
    .port_info 1 /OUTPUT 1 "cout"
    .port_info 2 /INPUT 1 "a"
    .port_info 3 /INPUT 1 "b"
    .port_info 4 /INPUT 1 "cin"
L_0x25ef1d0 .functor XOR 1, L_0x25e1260, L_0x25f0490, C4<0>, C4<0>;
L_0x25ef240 .functor XOR 1, L_0x25f0710, L_0x25ef1d0, C4<0>, C4<0>;
L_0x25ef300 .functor AND 1, L_0x25e1260, L_0x25f0490, C4<1>, C4<1>;
L_0x25ef410 .functor AND 1, L_0x25ef1d0, L_0x25f0710, C4<1>, C4<1>;
L_0x25ef4d0 .functor OR 1, L_0x25ef410, L_0x25ef300, C4<0>, C4<0>;
v0x25d6c60_0 .net "a", 0 0, L_0x25e1260;  1 drivers
v0x25d6d00_0 .net "b", 0 0, L_0x25f0490;  1 drivers
v0x25d6dc0_0 .net "cin", 0 0, L_0x25f0710;  1 drivers
v0x25d6e90_0 .net "cout", 0 0, L_0x25ef4d0;  1 drivers
v0x25d6f50_0 .net "outL", 0 0, L_0x25ef300;  1 drivers
v0x25d7060_0 .net "outR", 0 0, L_0x25ef410;  1 drivers
v0x25d7120_0 .net "tmp", 0 0, L_0x25ef1d0;  1 drivers
v0x25d71e0_0 .net "z", 0 0, L_0x25ef240;  1 drivers
S_0x25d7340 .scope module, "mine[3]" "yAdder1" 2 92, 2 108 0, S_0x25d5390;
 .timescale 0 0;
    .port_info 0 /OUTPUT 1 "z"
    .port_info 1 /OUTPUT 1 "cout"
    .port_info 2 /INPUT 1 "a"
    .port_info 3 /INPUT 1 "b"
    .port_info 4 /INPUT 1 "cin"
L_0x25ef5e0 .functor XOR 1, L_0x25e1300, L_0x25f0530, C4<0>, C4<0>;
L_0x25ef650 .functor XOR 1, L_0x25f07b0, L_0x25ef5e0, C4<0>, C4<0>;
L_0x25ef770 .functor AND 1, L_0x25e1300, L_0x25f0530, C4<1>, C4<1>;
L_0x25ef880 .functor AND 1, L_0x25ef5e0, L_0x25f07b0, C4<1>, C4<1>;
L_0x25ef940 .functor OR 1, L_0x25ef880, L_0x25ef770, C4<0>, C4<0>;
v0x25d75d0_0 .net "a", 0 0, L_0x25e1300;  1 drivers
v0x25d7690_0 .net "b", 0 0, L_0x25f0530;  1 drivers
v0x25d7750_0 .net "cin", 0 0, L_0x25f07b0;  1 drivers
v0x25d7820_0 .net "cout", 0 0, L_0x25ef940;  1 drivers
v0x25d78e0_0 .net "outL", 0 0, L_0x25ef770;  1 drivers
v0x25d79f0_0 .net "outR", 0 0, L_0x25ef880;  1 drivers
v0x25d7ab0_0 .net "tmp", 0 0, L_0x25ef5e0;  1 drivers
v0x25d7b70_0 .net "z", 0 0, L_0x25ef650;  1 drivers
S_0x25d8650 .scope module, "mymux" "yMux" 2 73, 2 78 0, S_0x25d5140;
 .timescale 0 0;
    .port_info 0 /OUTPUT 4 "z"
    .port_info 1 /INPUT 4 "a"
    .port_info 2 /INPUT 4 "b"
    .port_info 3 /INPUT 1 "c"
P_0x25d87f0 .param/l "SIZE" 0 2 79, +C4<00000000000000000000000000000100>;
v0x25dabe0_0 .net "a", 3 0, v0x25ddba0_0;  alias, 1 drivers
v0x25dadd0_0 .net "b", 3 0, L_0x25ed1f0;  alias, 1 drivers
v0x25dae70_0 .net "c", 0 0, L_0x25ed180;  alias, 1 drivers
v0x25daf10_0 .net "z", 3 0, L_0x25edfc0;  alias, 1 drivers
L_0x25edfc0 .concat [ 1 1 1 1], L_0x25ed4f0, L_0x25ed7a0, L_0x25edb10, L_0x25ede80;
L_0x25ee1a0 .part v0x25ddba0_0, 0, 1;
L_0x25ee290 .part v0x25ddba0_0, 1, 1;
L_0x25ee380 .part v0x25ddba0_0, 2, 1;
L_0x25ee470 .part v0x25ddba0_0, 3, 1;
L_0x25ee560 .part L_0x25ed1f0, 0, 1;
L_0x25ee650 .part L_0x25ed1f0, 1, 1;
L_0x25ee7d0 .part L_0x25ed1f0, 2, 1;
L_0x25ee8c0 .part L_0x25ed1f0, 3, 1;
S_0x25d8930 .scope module, "mine[0]" "yMux1" 2 83, 2 98 0, S_0x25d8650;
 .timescale 0 0;
    .port_info 0 /OUTPUT 1 "z"
    .port_info 1 /INPUT 1 "a"
    .port_info 2 /INPUT 1 "b"
    .port_info 3 /INPUT 1 "c"
L_0x25ed2b0 .functor NOT 1, L_0x25ed180, C4<0>, C4<0>, C4<0>;
L_0x25da7f0 .functor AND 1, L_0x25ee1a0, L_0x25ed2b0, C4<1>, C4<1>;
L_0x25ed480 .functor AND 1, L_0x25ed180, L_0x25ee560, C4<1>, C4<1>;
L_0x25ed4f0 .functor OR 1, L_0x25da7f0, L_0x25ed480, C4<0>, C4<0>;
v0x25d8bc0_0 .net "a", 0 0, L_0x25ee1a0;  1 drivers
v0x25d8ca0_0 .net "b", 0 0, L_0x25ee560;  1 drivers
v0x25d8d60_0 .net "c", 0 0, L_0x25ed180;  alias, 1 drivers
v0x25d8e60_0 .net "lower", 0 0, L_0x25ed480;  1 drivers
v0x25d8f00_0 .net "notC", 0 0, L_0x25ed2b0;  1 drivers
v0x25d8ff0_0 .net "upper", 0 0, L_0x25da7f0;  1 drivers
v0x25d90b0_0 .net "z", 0 0, L_0x25ed4f0;  1 drivers
S_0x25d91f0 .scope module, "mine[1]" "yMux1" 2 83, 2 98 0, S_0x25d8650;
 .timescale 0 0;
    .port_info 0 /OUTPUT 1 "z"
    .port_info 1 /INPUT 1 "a"
    .port_info 2 /INPUT 1 "b"
    .port_info 3 /INPUT 1 "c"
L_0x25ed600 .functor NOT 1, L_0x25ed180, C4<0>, C4<0>, C4<0>;
L_0x25ed670 .functor AND 1, L_0x25ee290, L_0x25ed600, C4<1>, C4<1>;
L_0x25ed730 .functor AND 1, L_0x25ed180, L_0x25ee650, C4<1>, C4<1>;
L_0x25ed7a0 .functor OR 1, L_0x25ed670, L_0x25ed730, C4<0>, C4<0>;
v0x25d9470_0 .net "a", 0 0, L_0x25ee290;  1 drivers
v0x25d9530_0 .net "b", 0 0, L_0x25ee650;  1 drivers
v0x25d95f0_0 .net "c", 0 0, L_0x25ed180;  alias, 1 drivers
v0x25d9710_0 .net "lower", 0 0, L_0x25ed730;  1 drivers
v0x25d97b0_0 .net "notC", 0 0, L_0x25ed600;  1 drivers
v0x25d98c0_0 .net "upper", 0 0, L_0x25ed670;  1 drivers
v0x25d9980_0 .net "z", 0 0, L_0x25ed7a0;  1 drivers
S_0x25d9ac0 .scope module, "mine[2]" "yMux1" 2 83, 2 98 0, S_0x25d8650;
 .timescale 0 0;
    .port_info 0 /OUTPUT 1 "z"
    .port_info 1 /INPUT 1 "a"
    .port_info 2 /INPUT 1 "b"
    .port_info 3 /INPUT 1 "c"
L_0x25ed8e0 .functor NOT 1, L_0x25ed180, C4<0>, C4<0>, C4<0>;
L_0x25ed950 .functor AND 1, L_0x25ee380, L_0x25ed8e0, C4<1>, C4<1>;
L_0x25eda70 .functor AND 1, L_0x25ed180, L_0x25ee7d0, C4<1>, C4<1>;
L_0x25edb10 .functor OR 1, L_0x25ed950, L_0x25eda70, C4<0>, C4<0>;
v0x25d9d40_0 .net "a", 0 0, L_0x25ee380;  1 drivers
v0x25d9de0_0 .net "b", 0 0, L_0x25ee7d0;  1 drivers
v0x25d9ea0_0 .net "c", 0 0, L_0x25ed180;  alias, 1 drivers
v0x25d9f70_0 .net "lower", 0 0, L_0x25eda70;  1 drivers
v0x25da010_0 .net "notC", 0 0, L_0x25ed8e0;  1 drivers
v0x25da120_0 .net "upper", 0 0, L_0x25ed950;  1 drivers
v0x25da1e0_0 .net "z", 0 0, L_0x25edb10;  1 drivers
S_0x25da320 .scope module, "mine[3]" "yMux1" 2 83, 2 98 0, S_0x25d8650;
 .timescale 0 0;
    .port_info 0 /OUTPUT 1 "z"
    .port_info 1 /INPUT 1 "a"
    .port_info 2 /INPUT 1 "b"
    .port_info 3 /INPUT 1 "c"
L_0x25edc50 .functor NOT 1, L_0x25ed180, C4<0>, C4<0>, C4<0>;
L_0x25edcc0 .functor AND 1, L_0x25ee470, L_0x25edc50, C4<1>, C4<1>;
L_0x25edde0 .functor AND 1, L_0x25ed180, L_0x25ee8c0, C4<1>, C4<1>;
L_0x25ede80 .functor OR 1, L_0x25edcc0, L_0x25edde0, C4<0>, C4<0>;
v0x25da5a0_0 .net "a", 0 0, L_0x25ee470;  1 drivers
v0x25da660_0 .net "b", 0 0, L_0x25ee8c0;  1 drivers
v0x25da720_0 .net "c", 0 0, L_0x25ed180;  alias, 1 drivers
v0x25da880_0 .net "lower", 0 0, L_0x25edde0;  1 drivers
v0x25da920_0 .net "notC", 0 0, L_0x25edc50;  1 drivers
v0x25da9e0_0 .net "upper", 0 0, L_0x25edcc0;  1 drivers
v0x25daaa0_0 .net "z", 0 0, L_0x25ede80;  1 drivers
S_0x25db720 .scope module, "op4i" "yMux" 2 38, 2 78 0, S_0x2531a00;
 .timescale 0 0;
    .port_info 0 /OUTPUT 1 "z"
    .port_info 1 /INPUT 1 "a"
    .port_info 2 /INPUT 1 "b"
    .port_info 3 /INPUT 1 "c"
P_0x25c23b0 .param/l "SIZE" 0 2 79, +C4<00000000000000000000000000000001>;
v0x25dc360_0 .net "a", 0 0, L_0x25f10a0;  1 drivers
v0x25dc440_0 .net "b", 0 0, L_0x25f11d0;  1 drivers
v0x25dc510_0 .net "c", 0 0, L_0x25ecf30;  alias, 1 drivers
v0x25dc610_0 .net "z", 0 0, L_0x25f0f90;  alias, 1 drivers
S_0x25dba70 .scope module, "mine[0]" "yMux1" 2 83, 2 98 0, S_0x25db720;
 .timescale 0 0;
    .port_info 0 /OUTPUT 1 "z"
    .port_info 1 /INPUT 1 "a"
    .port_info 2 /INPUT 1 "b"
    .port_info 3 /INPUT 1 "c"
L_0x25eca80 .functor NOT 1, L_0x25ecf30, C4<0>, C4<0>, C4<0>;
L_0x25f0e10 .functor AND 1, L_0x25f10a0, L_0x25eca80, C4<1>, C4<1>;
L_0x25f0ed0 .functor AND 1, L_0x25ecf30, L_0x25f11d0, C4<1>, C4<1>;
L_0x25f0f90 .functor OR 1, L_0x25f0e10, L_0x25f0ed0, C4<0>, C4<0>;
v0x25dbd20_0 .net "a", 0 0, L_0x25f10a0;  alias, 1 drivers
v0x25dbe00_0 .net "b", 0 0, L_0x25f11d0;  alias, 1 drivers
v0x25dbec0_0 .net "c", 0 0, L_0x25ecf30;  alias, 1 drivers
v0x25dbf90_0 .net "lower", 0 0, L_0x25f0ed0;  1 drivers
v0x25dc050_0 .net "notC", 0 0, L_0x25eca80;  1 drivers
v0x25dc160_0 .net "upper", 0 0, L_0x25f0e10;  1 drivers
v0x25dc220_0 .net "z", 0 0, L_0x25f0f90;  alias, 1 drivers
    .scope S_0x2586b10;
T_0 ;
    %pushi/vec4 10, 0, 32;
T_0.0 %dup/vec4;
    %pushi/vec4 0, 0, 32;
    %cmp/s;
    %jmp/1xz T_0.1, 5;
    %jmp/1 T_0.1, 4;
    %pushi/vec4 1, 0, 32;
    %sub;
    %vpi_func 2 133 "$random" 32 {0 0 0};
    %pushi/vec4 100, 0, 32;
    %mod/s;
    %pad/s 4;
    %store/vec4 v0x25ddac0_0, 0, 4;
    %vpi_func 2 134 "$random" 32 {0 0 0};
    %pushi/vec4 100, 0, 32;
    %mod/s;
    %pad/s 4;
    %store/vec4 v0x25ddba0_0, 0, 4;
    %vpi_func 2 136 "$random" 32 {0 0 0};
    %pushi/vec4 3, 0, 32;
    %mod/s;
    %pad/s 3;
    %store/vec4 v0x25ddda0_0, 0, 3;
    %load/vec4 v0x25ddda0_0;
    %cmpi/e 0, 0, 3;
    %jmp/0xz  T_0.2, 6;
    %load/vec4 v0x25ddac0_0;
    %load/vec4 v0x25ddba0_0;
    %add;
    %store/vec4 v0x25ddd00_0, 0, 4;
T_0.2 ;
    %load/vec4 v0x25ddda0_0;
    %cmpi/e 1, 0, 3;
    %jmp/0xz  T_0.4, 6;
    %load/vec4 v0x25ddac0_0;
    %load/vec4 v0x25ddba0_0;
    %and;
    %store/vec4 v0x25ddd00_0, 0, 4;
T_0.4 ;
    %load/vec4 v0x25ddda0_0;
    %cmpi/e 2, 0, 3;
    %jmp/0xz  T_0.6, 6;
    %load/vec4 v0x25ddac0_0;
    %load/vec4 v0x25ddba0_0;
    %or;
    %store/vec4 v0x25ddd00_0, 0, 4;
T_0.6 ;
    %load/vec4 v0x25ddda0_0;
    %cmpi/e 6, 0, 3;
    %jmp/0xz  T_0.8, 6;
    %load/vec4 v0x25ddac0_0;
    %load/vec4 v0x25ddba0_0;
    %sub;
    %store/vec4 v0x25ddd00_0, 0, 4;
T_0.8 ;
    %delay 1, 0;
    %vpi_call 2 154 "$display", "RESULT: a=%b b=%b z=%b op=%b", v0x25ddac0_0, v0x25ddba0_0, v0x25ddeb0_0, v0x25ddda0_0 {0 0 0};
    %jmp T_0.0;
T_0.1 ;
    %pop/vec4 1;
    %end;
    .thread T_0;
# The file index is used to find the file name in the following table.
:file_names 3;
    "N/A";
    "<interactive>";
    "ltester.v";
