#! /cs/local/bin/vvp
:ivl_version "10.0 (stable)" "(v10_0)";
:ivl_delay_selection "TYPICAL";
:vpi_time_precision + 0;
:vpi_module "system";
:vpi_module "vhdl_sys";
:vpi_module "v2005_math";
:vpi_module "va_math";
S_0x1f33ab0 .scope module, "t_adder" "t_adder" 2 26;
 .timescale 0 0;
v0x1f8a300_0 .var "A", 3 0;
v0x1f8a3e0_0 .var "B", 3 0;
v0x1f8a480_0 .net "Cout", 0 0, L_0x1f8c4a0;  1 drivers
v0x1f8a570_0 .net "S", 3 0, L_0x1f8c5b0;  1 drivers
v0x1f8a610_0 .var "cin", 0 0;
S_0x1f338d0 .scope module, "myadder" "adder4" 2 35, 2 12 0, S_0x1f33ab0;
 .timescale 0 0;
    .port_info 0 /OUTPUT 4 "S"
    .port_info 1 /OUTPUT 1 "Cout"
    .port_info 2 /INPUT 4 "A"
    .port_info 3 /INPUT 4 "B"
    .port_info 4 /INPUT 1 "cin"
v0x1f89bc0_0 .net "A", 3 0, v0x1f8a300_0;  1 drivers
v0x1f89cc0_0 .net "B", 3 0, v0x1f8a3e0_0;  1 drivers
v0x1f89da0_0 .net "Cout", 0 0, L_0x1f8c4a0;  alias, 1 drivers
v0x1f89e70_0 .net "S", 3 0, L_0x1f8c5b0;  alias, 1 drivers
v0x1f89f10_0 .net "c1", 0 0, L_0x1f8ac90;  1 drivers
v0x1f8a000_0 .net "c2", 0 0, L_0x1f8b4b0;  1 drivers
v0x1f8a0f0_0 .net "c3", 0 0, L_0x1f8bc60;  1 drivers
v0x1f8a1e0_0 .net "cin", 0 0, v0x1f8a610_0;  1 drivers
L_0x1f8ada0 .part v0x1f8a300_0, 0, 1;
L_0x1f8aed0 .part v0x1f8a3e0_0, 0, 1;
L_0x1f8b5c0 .part v0x1f8a300_0, 1, 1;
L_0x1f8b6f0 .part v0x1f8a3e0_0, 1, 1;
L_0x1f8bd70 .part v0x1f8a300_0, 2, 1;
L_0x1f8bf30 .part v0x1f8a3e0_0, 2, 1;
L_0x1f8c5b0 .concat8 [ 1 1 1 1], L_0x1f8a7f0, L_0x1f8b070, L_0x1f8b890, L_0x1f8c1a0;
L_0x1f8c7e0 .part v0x1f8a300_0, 3, 1;
L_0x1f8c910 .part v0x1f8a3e0_0, 3, 1;
S_0x1f33710 .scope module, "f0" "fulladder" 2 20, 2 2 0, S_0x1f338d0;
 .timescale 0 0;
    .port_info 0 /OUTPUT 1 "S"
    .port_info 1 /OUTPUT 1 "Cout"
    .port_info 2 /INPUT 1 "A"
    .port_info 3 /INPUT 1 "B"
    .port_info 4 /INPUT 1 "cin"
L_0x1f8a750 .functor XOR 1, L_0x1f8ada0, L_0x1f8aed0, C4<0>, C4<0>;
L_0x1f8a7f0 .functor XOR 1, L_0x1f8a750, v0x1f8a610_0, C4<0>, C4<0>;
L_0x1f8a8e0 .functor AND 1, L_0x1f8ada0, L_0x1f8aed0, C4<1>, C4<1>;
L_0x1f8a9f0 .functor AND 1, L_0x1f8aed0, v0x1f8a610_0, C4<1>, C4<1>;
L_0x1f8aaf0 .functor OR 1, L_0x1f8a8e0, L_0x1f8a9f0, C4<0>, C4<0>;
L_0x1f8abe0 .functor AND 1, v0x1f8a610_0, L_0x1f8ada0, C4<1>, C4<1>;
L_0x1f8ac90 .functor OR 1, L_0x1f8aaf0, L_0x1f8abe0, C4<0>, C4<0>;
v0x1f5f510_0 .net "A", 0 0, L_0x1f8ada0;  1 drivers
v0x1f86f80_0 .net "B", 0 0, L_0x1f8aed0;  1 drivers
v0x1f87040_0 .net "Cout", 0 0, L_0x1f8ac90;  alias, 1 drivers
v0x1f87110_0 .net "S", 0 0, L_0x1f8a7f0;  1 drivers
v0x1f871d0_0 .net *"_s0", 0 0, L_0x1f8a750;  1 drivers
v0x1f87300_0 .net *"_s10", 0 0, L_0x1f8abe0;  1 drivers
v0x1f873e0_0 .net *"_s4", 0 0, L_0x1f8a8e0;  1 drivers
v0x1f874c0_0 .net *"_s6", 0 0, L_0x1f8a9f0;  1 drivers
v0x1f875a0_0 .net *"_s8", 0 0, L_0x1f8aaf0;  1 drivers
v0x1f87710_0 .net "cin", 0 0, v0x1f8a610_0;  alias, 1 drivers
S_0x1f87870 .scope module, "f1" "fulladder" 2 21, 2 2 0, S_0x1f338d0;
 .timescale 0 0;
    .port_info 0 /OUTPUT 1 "S"
    .port_info 1 /OUTPUT 1 "Cout"
    .port_info 2 /INPUT 1 "A"
    .port_info 3 /INPUT 1 "B"
    .port_info 4 /INPUT 1 "cin"
L_0x1f8b000 .functor XOR 1, L_0x1f8b5c0, L_0x1f8b6f0, C4<0>, C4<0>;
L_0x1f8b070 .functor XOR 1, L_0x1f8b000, L_0x1f8ac90, C4<0>, C4<0>;
L_0x1f8b1c0 .functor AND 1, L_0x1f8b5c0, L_0x1f8b6f0, C4<1>, C4<1>;
L_0x1f8b280 .functor AND 1, L_0x1f8b6f0, L_0x1f8ac90, C4<1>, C4<1>;
L_0x1f8b2f0 .functor OR 1, L_0x1f8b1c0, L_0x1f8b280, C4<0>, C4<0>;
L_0x1f8b400 .functor AND 1, L_0x1f8ac90, L_0x1f8b5c0, C4<1>, C4<1>;
L_0x1f8b4b0 .functor OR 1, L_0x1f8b2f0, L_0x1f8b400, C4<0>, C4<0>;
v0x1f87a90_0 .net "A", 0 0, L_0x1f8b5c0;  1 drivers
v0x1f87b50_0 .net "B", 0 0, L_0x1f8b6f0;  1 drivers
v0x1f87c10_0 .net "Cout", 0 0, L_0x1f8b4b0;  alias, 1 drivers
v0x1f87ce0_0 .net "S", 0 0, L_0x1f8b070;  1 drivers
v0x1f87da0_0 .net *"_s0", 0 0, L_0x1f8b000;  1 drivers
v0x1f87ed0_0 .net *"_s10", 0 0, L_0x1f8b400;  1 drivers
v0x1f87fb0_0 .net *"_s4", 0 0, L_0x1f8b1c0;  1 drivers
v0x1f88090_0 .net *"_s6", 0 0, L_0x1f8b280;  1 drivers
v0x1f88170_0 .net *"_s8", 0 0, L_0x1f8b2f0;  1 drivers
v0x1f882e0_0 .net "cin", 0 0, L_0x1f8ac90;  alias, 1 drivers
S_0x1f88430 .scope module, "f2" "fulladder" 2 22, 2 2 0, S_0x1f338d0;
 .timescale 0 0;
    .port_info 0 /OUTPUT 1 "S"
    .port_info 1 /OUTPUT 1 "Cout"
    .port_info 2 /INPUT 1 "A"
    .port_info 3 /INPUT 1 "B"
    .port_info 4 /INPUT 1 "cin"
L_0x1f8b820 .functor XOR 1, L_0x1f8bd70, L_0x1f8bf30, C4<0>, C4<0>;
L_0x1f8b890 .functor XOR 1, L_0x1f8b820, L_0x1f8b4b0, C4<0>, C4<0>;
L_0x1f8b990 .functor AND 1, L_0x1f8bd70, L_0x1f8bf30, C4<1>, C4<1>;
L_0x1f8ba00 .functor AND 1, L_0x1f8bf30, L_0x1f8b4b0, C4<1>, C4<1>;
L_0x1f8ba70 .functor OR 1, L_0x1f8b990, L_0x1f8ba00, C4<0>, C4<0>;
L_0x1f8bbb0 .functor AND 1, L_0x1f8b4b0, L_0x1f8bd70, C4<1>, C4<1>;
L_0x1f8bc60 .functor OR 1, L_0x1f8ba70, L_0x1f8bbb0, C4<0>, C4<0>;
v0x1f88660_0 .net "A", 0 0, L_0x1f8bd70;  1 drivers
v0x1f88720_0 .net "B", 0 0, L_0x1f8bf30;  1 drivers
v0x1f887e0_0 .net "Cout", 0 0, L_0x1f8bc60;  alias, 1 drivers
v0x1f888b0_0 .net "S", 0 0, L_0x1f8b890;  1 drivers
v0x1f88970_0 .net *"_s0", 0 0, L_0x1f8b820;  1 drivers
v0x1f88aa0_0 .net *"_s10", 0 0, L_0x1f8bbb0;  1 drivers
v0x1f88b80_0 .net *"_s4", 0 0, L_0x1f8b990;  1 drivers
v0x1f88c60_0 .net *"_s6", 0 0, L_0x1f8ba00;  1 drivers
v0x1f88d40_0 .net *"_s8", 0 0, L_0x1f8ba70;  1 drivers
v0x1f88eb0_0 .net "cin", 0 0, L_0x1f8b4b0;  alias, 1 drivers
S_0x1f89000 .scope module, "f3" "fulladder" 2 23, 2 2 0, S_0x1f338d0;
 .timescale 0 0;
    .port_info 0 /OUTPUT 1 "S"
    .port_info 1 /OUTPUT 1 "Cout"
    .port_info 2 /INPUT 1 "A"
    .port_info 3 /INPUT 1 "B"
    .port_info 4 /INPUT 1 "cin"
L_0x1f8c130 .functor XOR 1, L_0x1f8c7e0, L_0x1f8c910, C4<0>, C4<0>;
L_0x1f8c1a0 .functor XOR 1, L_0x1f8c130, L_0x1f8bc60, C4<0>, C4<0>;
L_0x1f8c2a0 .functor AND 1, L_0x1f8c7e0, L_0x1f8c910, C4<1>, C4<1>;
L_0x1f8c310 .functor AND 1, L_0x1f8c910, L_0x1f8bc60, C4<1>, C4<1>;
L_0x1f8c380 .functor OR 1, L_0x1f8c2a0, L_0x1f8c310, C4<0>, C4<0>;
L_0x1f8c3f0 .functor AND 1, L_0x1f8bc60, L_0x1f8c7e0, C4<1>, C4<1>;
L_0x1f8c4a0 .functor OR 1, L_0x1f8c380, L_0x1f8c3f0, C4<0>, C4<0>;
v0x1f89200_0 .net "A", 0 0, L_0x1f8c7e0;  1 drivers
v0x1f892e0_0 .net "B", 0 0, L_0x1f8c910;  1 drivers
v0x1f893a0_0 .net "Cout", 0 0, L_0x1f8c4a0;  alias, 1 drivers
v0x1f89470_0 .net "S", 0 0, L_0x1f8c1a0;  1 drivers
v0x1f89530_0 .net *"_s0", 0 0, L_0x1f8c130;  1 drivers
v0x1f89660_0 .net *"_s10", 0 0, L_0x1f8c3f0;  1 drivers
v0x1f89740_0 .net *"_s4", 0 0, L_0x1f8c2a0;  1 drivers
v0x1f89820_0 .net *"_s6", 0 0, L_0x1f8c310;  1 drivers
v0x1f89900_0 .net *"_s8", 0 0, L_0x1f8c380;  1 drivers
v0x1f89a70_0 .net "cin", 0 0, L_0x1f8bc60;  alias, 1 drivers
    .scope S_0x1f33ab0;
T_0 ;
    %pushi/vec4 0, 0, 1;
    %store/vec4 v0x1f8a610_0, 0, 1;
    %pushi/vec4 0, 0, 4;
    %store/vec4 v0x1f8a300_0, 0, 4;
    %pushi/vec4 0, 0, 4;
    %store/vec4 v0x1f8a3e0_0, 0, 4;
    %pushi/vec4 7, 0, 32;
T_0.0 %dup/vec4;
    %pushi/vec4 0, 0, 32;
    %cmp/s;
    %jmp/1xz T_0.1, 5;
    %jmp/1 T_0.1, 4;
    %pushi/vec4 1, 0, 32;
    %sub;
    %delay 5, 0;
    %vpi_call 2 43 "$display", "%5d: A=%b B=%b S=%b Cout=%b", $time, v0x1f8a300_0, v0x1f8a3e0_0, v0x1f8a570_0, v0x1f8a480_0 {0 0 0};
    %load/vec4 v0x1f8a300_0;
    %addi 1, 0, 4;
    %store/vec4 v0x1f8a300_0, 0, 4;
    %load/vec4 v0x1f8a3e0_0;
    %addi 2, 0, 4;
    %store/vec4 v0x1f8a3e0_0, 0, 4;
    %jmp T_0.0;
T_0.1 ;
    %pop/vec4 1;
    %end;
    .thread T_0;
# The file index is used to find the file name in the following table.
:file_names 3;
    "N/A";
    "<interactive>";
    "Labk.v";
