#! /cs/local/bin/vvp
:ivl_version "10.0 (stable)" "(v10_0)";
:ivl_delay_selection "TYPICAL";
:vpi_time_precision + 0;
:vpi_module "system";
:vpi_module "vhdl_sys";
:vpi_module "v2005_math";
:vpi_module "va_math";
S_0x20f67f0 .scope module, "fulladder" "fulladder" 2 1;
 .timescale 0 0;
    .port_info 0 /INPUT 2 "A"
    .port_info 1 /INPUT 2 "B"
    .port_info 2 /INPUT 2 "Cin"
L_0x213d280 .functor XOR 1, L_0x213d350, L_0x213d3f0, C4<0>, C4<0>;
L_0x213d4e0 .functor BUFZ 1, L_0x213d280, C4<0>, C4<0>, C4<0>;
L_0x213d5d0 .functor AND 1, L_0x213d6a0, L_0x213d7e0, C4<1>, C4<1>;
L_0x213d920 .functor BUFZ 1, L_0x213d5d0, C4<0>, C4<0>, C4<0>;
o0x7f632a5291f8 .functor BUFZ 1, C4<z>; HiZ drive
L_0x213d9e0 .functor XOR 1, o0x7f632a5291f8, L_0x213d4e0, C4<0>, C4<0>;
L_0x213daa0 .functor AND 1, L_0x213db80, L_0x213d4e0, C4<1>, C4<1>;
L_0x213dc70 .functor BUFZ 1, L_0x213daa0, C4<0>, C4<0>, C4<0>;
L_0x213dd30 .functor OR 1, L_0x213d920, L_0x213dc70, C4<0>, C4<0>;
o0x7f632a529018 .functor BUFZ 2, C4<zz>; HiZ drive
v0x20f8af0_0 .net "A", 1 0, o0x7f632a529018;  0 drivers
o0x7f632a529048 .functor BUFZ 2, C4<zz>; HiZ drive
v0x213c3a0_0 .net "B", 1 0, o0x7f632a529048;  0 drivers
o0x7f632a529078 .functor BUFZ 2, C4<zz>; HiZ drive
v0x213c480_0 .net "Cin", 1 0, o0x7f632a529078;  0 drivers
v0x213c570_0 .net "Cout", 0 0, L_0x213dd30;  1 drivers
v0x213c630_0 .net "Z", 0 0, L_0x213d9e0;  1 drivers
v0x213c740_0 .net *"_s11", 0 0, L_0x213d7e0;  1 drivers
v0x213c820_0 .net *"_s17", 0 0, L_0x213db80;  1 drivers
v0x213c900_0 .net *"_s2", 0 0, L_0x213d350;  1 drivers
v0x213c9e0_0 .net *"_s4", 0 0, L_0x213d3f0;  1 drivers
v0x213cb50_0 .net *"_s9", 0 0, L_0x213d6a0;  1 drivers
v0x213cc30_0 .net "c", 0 0, o0x7f632a5291f8;  0 drivers
v0x213ccf0_0 .net "outx1", 0 0, L_0x213d4e0;  1 drivers
v0x213cdb0_0 .net "outx2", 0 0, L_0x213d920;  1 drivers
v0x213ce70_0 .net "outy2", 0 0, L_0x213dc70;  1 drivers
v0x213cf30_0 .net "ox1", 0 0, L_0x213d280;  1 drivers
v0x213cff0_0 .net "ox2", 0 0, L_0x213d5d0;  1 drivers
v0x213d0b0_0 .net "oy2", 0 0, L_0x213daa0;  1 drivers
L_0x213d350 .part o0x7f632a529018, 0, 1;
L_0x213d3f0 .part o0x7f632a529048, 0, 1;
L_0x213d6a0 .part o0x7f632a529018, 0, 1;
L_0x213d7e0 .part o0x7f632a529048, 0, 1;
L_0x213db80 .part o0x7f632a529078, 0, 1;
# The file index is used to find the file name in the following table.
:file_names 3;
    "N/A";
    "<interactive>";
    "LabK.v";
